<?xml version="1.0" encoding="utf-8"?>
<CoverageSession xmlns:xsd="http://www.w3.org/2001/XMLSchema" xmlns:xsi="http://www.w3.org/2001/XMLSchema-instance">
  <Summary numSequencePoints="609" visitedSequencePoints="123" numBranchPoints="473" visitedBranchPoints="73" sequenceCoverage="20.20" branchCoverage="15.43" maxCyclomaticComplexity="7" minCyclomaticComplexity="1" visitedClasses="11" numClasses="28" visitedMethods="27" numMethods="131" />
  <Modules>
    <Module hash="5F-13-D8-1D-14-0D-56-D9-30-ED-A4-87-0A-FA-31-FA-DD-A9-06-3A">
      <Summary numSequencePoints="261" visitedSequencePoints="117" numBranchPoints="197" visitedBranchPoints="67" sequenceCoverage="44.83" branchCoverage="34.01" maxCyclomaticComplexity="7" minCyclomaticComplexity="1" visitedClasses="8" numClasses="11" visitedMethods="24" numMethods="51" />
      <FullName>C:\projects\jeremyansel-io-locator\JeremyAnsel.IO.Locator\JeremyAnsel.IO.Locator.Tests\bin\Release\JeremyAnsel.IO.Locator.dll</FullName>
      <ModuleName>JeremyAnsel.IO.Locator</ModuleName>
      <Files>
        <File uid="1" fullPath="c:\projects\jeremyansel-io-locator\JeremyAnsel.IO.Locator\JeremyAnsel.IO.Locator\ArchiveFileLocator.cs" />
        <File uid="3" fullPath="c:\projects\jeremyansel-io-locator\JeremyAnsel.IO.Locator\JeremyAnsel.IO.Locator\ArchiveWritableFileLocator.cs" />
        <File uid="4" fullPath="c:\projects\jeremyansel-io-locator\JeremyAnsel.IO.Locator\JeremyAnsel.IO.Locator\FileLocatorFactory.cs" />
        <File uid="5" fullPath="c:\projects\jeremyansel-io-locator\JeremyAnsel.IO.Locator\JeremyAnsel.IO.Locator\MemoryFileLocator.cs" />
        <File uid="7" fullPath="c:\projects\jeremyansel-io-locator\JeremyAnsel.IO.Locator\JeremyAnsel.IO.Locator\SystemFileLocator.cs" />
        <File uid="9" fullPath="c:\projects\jeremyansel-io-locator\JeremyAnsel.IO.Locator\JeremyAnsel.IO.Locator\SystemWritableFileLocator.cs" />
        <File uid="10" fullPath="c:\projects\jeremyansel-io-locator\JeremyAnsel.IO.Locator\JeremyAnsel.IO.Locator\Utilities.cs" />
        <File uid="11" fullPath="c:\projects\jeremyansel-io-locator\JeremyAnsel.IO.Locator\JeremyAnsel.IO.Locator\WritableFileLocatorFactory.cs" />
      </Files>
      <Classes>
        <Class>
          <Summary numSequencePoints="41" visitedSequencePoints="18" numBranchPoints="29" visitedBranchPoints="10" sequenceCoverage="43.90" branchCoverage="34.48" maxCyclomaticComplexity="6" minCyclomaticComplexity="1" visitedClasses="1" numClasses="1" visitedMethods="4" numMethods="7" />
          <FullName>JeremyAnsel.IO.Locator.ArchiveFileLocator</FullName>
          <Methods>
            <Method visited="true" cyclomaticComplexity="1" sequenceCoverage="100" branchCoverage="100" isConstructor="true" isStatic="false" isGetter="false" isSetter="false">
              <Summary numSequencePoints="3" visitedSequencePoints="3" numBranchPoints="1" visitedBranchPoints="1" sequenceCoverage="100" branchCoverage="100" maxCyclomaticComplexity="1" minCyclomaticComplexity="1" visitedClasses="0" numClasses="0" visitedMethods="1" numMethods="1" />
              <MetadataToken>100663301</MetadataToken>
              <Name>System.Void JeremyAnsel.IO.Locator.ArchiveFileLocator::.ctor(System.String)</Name>
              <FileRef uid="1" />
              <SequencePoints>
                <SequencePoint vc="2" uspid="1" ordinal="0" offset="0" sl="34" sc="9" el="34" ec="47" bec="0" bev="0" fileid="1" />
                <SequencePoint vc="2" uspid="2" ordinal="1" offset="6" sl="36" sc="13" el="36" ec="54" bec="0" bev="0" fileid="1" />
                <SequencePoint vc="2" uspid="3" ordinal="2" offset="18" sl="37" sc="9" el="37" ec="10" bec="0" bev="0" fileid="1" />
              </SequencePoints>
              <BranchPoints />
              <MethodPoint xsi:type="SequencePoint" vc="2" uspid="1" ordinal="0" offset="0" sl="34" sc="9" el="34" ec="47" bec="0" bev="0" fileid="1" />
            </Method>
            <Method visited="false" cyclomaticComplexity="2" sequenceCoverage="0" branchCoverage="0" isConstructor="true" isStatic="false" isGetter="false" isSetter="false">
              <Summary numSequencePoints="6" visitedSequencePoints="0" numBranchPoints="3" visitedBranchPoints="0" sequenceCoverage="0" branchCoverage="0" maxCyclomaticComplexity="2" minCyclomaticComplexity="2" visitedClasses="0" numClasses="0" visitedMethods="0" numMethods="1" />
              <MetadataToken>100663302</MetadataToken>
              <Name>System.Void JeremyAnsel.IO.Locator.ArchiveFileLocator::.ctor(JeremyAnsel.IO.Locator.IFileLocator,System.String)</Name>
              <FileRef uid="1" />
              <SequencePoints>
                <SequencePoint vc="0" uspid="4" ordinal="0" offset="0" sl="44" sc="9" el="44" ec="69" bec="0" bev="0" fileid="1" />
                <SequencePoint vc="0" uspid="5" ordinal="1" offset="6" sl="46" sc="13" el="46" ec="33" bec="2" bev="0" fileid="1" />
                <SequencePoint vc="0" uspid="6" ordinal="2" offset="9" sl="48" sc="17" el="48" ec="54" bec="0" bev="0" fileid="1" />
                <SequencePoint vc="0" uspid="7" ordinal="3" offset="22" sl="49" sc="17" el="49" ec="69" bec="0" bev="0" fileid="1" />
                <SequencePoint vc="0" uspid="8" ordinal="4" offset="41" sl="53" sc="17" el="53" ec="58" bec="0" bev="0" fileid="1" />
                <SequencePoint vc="0" uspid="9" ordinal="5" offset="53" sl="55" sc="9" el="55" ec="10" bec="0" bev="0" fileid="1" />
              </SequencePoints>
              <BranchPoints>
                <BranchPoint vc="0" uspid="10" ordinal="0" offset="7" sl="46" path="0" offsetend="9" fileid="1" />
                <BranchPoint vc="0" uspid="11" ordinal="1" offset="7" sl="46" path="1" offsetend="41" fileid="1" />
              </BranchPoints>
              <MethodPoint xsi:type="SequencePoint" vc="0" uspid="4" ordinal="0" offset="0" sl="44" sc="9" el="44" ec="69" bec="0" bev="0" fileid="1" />
            </Method>
            <Method visited="false" cyclomaticComplexity="1" sequenceCoverage="0" branchCoverage="0" isConstructor="true" isStatic="false" isGetter="false" isSetter="false">
              <Summary numSequencePoints="3" visitedSequencePoints="0" numBranchPoints="1" visitedBranchPoints="0" sequenceCoverage="0" branchCoverage="0" maxCyclomaticComplexity="1" minCyclomaticComplexity="1" visitedClasses="0" numClasses="0" visitedMethods="0" numMethods="1" />
              <MetadataToken>100663303</MetadataToken>
              <Name>System.Void JeremyAnsel.IO.Locator.ArchiveFileLocator::.ctor(System.IO.Stream)</Name>
              <FileRef uid="1" />
              <SequencePoints>
                <SequencePoint vc="0" uspid="12" ordinal="0" offset="0" sl="61" sc="9" el="61" ec="47" bec="0" bev="0" fileid="1" />
                <SequencePoint vc="0" uspid="13" ordinal="1" offset="6" sl="63" sc="13" el="63" ec="54" bec="0" bev="0" fileid="1" />
                <SequencePoint vc="0" uspid="14" ordinal="2" offset="19" sl="64" sc="9" el="64" ec="10" bec="0" bev="0" fileid="1" />
              </SequencePoints>
              <BranchPoints />
              <MethodPoint xsi:type="SequencePoint" vc="0" uspid="12" ordinal="0" offset="0" sl="61" sc="9" el="61" ec="47" bec="0" bev="0" fileid="1" />
            </Method>
            <Method visited="true" cyclomaticComplexity="3" sequenceCoverage="75" branchCoverage="60" isConstructor="false" isStatic="false" isGetter="false" isSetter="false">
              <Summary numSequencePoints="8" visitedSequencePoints="6" numBranchPoints="5" visitedBranchPoints="3" sequenceCoverage="75" branchCoverage="60" maxCyclomaticComplexity="3" minCyclomaticComplexity="3" visitedClasses="0" numClasses="0" visitedMethods="1" numMethods="1" />
              <MetadataToken>100663304</MetadataToken>
              <Name>System.Void JeremyAnsel.IO.Locator.ArchiveFileLocator::Dispose()</Name>
              <FileRef uid="1" />
              <SequencePoints>
                <SequencePoint vc="2" uspid="15" ordinal="0" offset="0" sl="71" sc="13" el="71" ec="41" bec="2" bev="1" fileid="1" />
                <SequencePoint vc="0" uspid="16" ordinal="1" offset="8" sl="73" sc="17" el="73" ec="43" bec="0" bev="0" fileid="1" />
                <SequencePoint vc="0" uspid="17" ordinal="2" offset="19" sl="74" sc="17" el="74" ec="40" bec="0" bev="0" fileid="1" />
                <SequencePoint vc="2" uspid="18" ordinal="3" offset="26" sl="77" sc="13" el="77" ec="38" bec="2" bev="1" fileid="1" />
                <SequencePoint vc="2" uspid="19" ordinal="4" offset="34" sl="79" sc="17" el="79" ec="40" bec="0" bev="0" fileid="1" />
                <SequencePoint vc="2" uspid="20" ordinal="5" offset="45" sl="80" sc="17" el="80" ec="37" bec="0" bev="0" fileid="1" />
                <SequencePoint vc="2" uspid="21" ordinal="6" offset="52" sl="83" sc="13" el="83" ec="39" bec="0" bev="0" fileid="1" />
                <SequencePoint vc="2" uspid="22" ordinal="7" offset="58" sl="84" sc="9" el="84" ec="10" bec="0" bev="0" fileid="1" />
              </SequencePoints>
              <BranchPoints>
                <BranchPoint vc="0" uspid="23" ordinal="0" offset="6" sl="71" path="0" offsetend="8" fileid="1" />
                <BranchPoint vc="2" uspid="24" ordinal="1" offset="6" sl="71" path="1" offsetend="26" fileid="1" />
                <BranchPoint vc="2" uspid="25" ordinal="2" offset="32" sl="77" path="0" offsetend="34" fileid="1" />
                <BranchPoint vc="0" uspid="26" ordinal="3" offset="32" sl="77" path="1" offsetend="52" fileid="1" />
              </BranchPoints>
              <MethodPoint xsi:type="SequencePoint" vc="2" uspid="15" ordinal="0" offset="0" sl="71" sc="13" el="71" ec="41" bec="2" bev="1" fileid="1" />
            </Method>
            <Method visited="false" cyclomaticComplexity="6" sequenceCoverage="0" branchCoverage="0" isConstructor="false" isStatic="false" isGetter="false" isSetter="false">
              <Summary numSequencePoints="10" visitedSequencePoints="0" numBranchPoints="9" visitedBranchPoints="0" sequenceCoverage="0" branchCoverage="0" maxCyclomaticComplexity="6" minCyclomaticComplexity="6" visitedClasses="0" numClasses="0" visitedMethods="0" numMethods="1" />
              <MetadataToken>100663305</MetadataToken>
              <Name>System.Boolean JeremyAnsel.IO.Locator.ArchiveFileLocator::Exists(System.String)</Name>
              <FileRef uid="1" />
              <SequencePoints>
                <SequencePoint vc="0" uspid="27" ordinal="0" offset="0" sl="93" sc="13" el="93" ec="44" bec="2" bev="0" fileid="1" />
                <SequencePoint vc="0" uspid="28" ordinal="1" offset="8" sl="95" sc="17" el="95" ec="30" bec="0" bev="0" fileid="1" />
                <SequencePoint vc="0" uspid="29" ordinal="2" offset="10" sl="98" sc="35" el="98" ec="55" bec="0" bev="0" fileid="1" />
                <SequencePoint vc="0" uspid="30" ordinal="3" offset="29" sl="98" sc="22" el="98" ec="31" bec="0" bev="0" fileid="1" />
                <SequencePoint vc="0" uspid="31" ordinal="4" offset="36" sl="100" sc="17" el="100" ec="39" bec="2" bev="0" fileid="1" />
                <SequencePoint vc="0" uspid="32" ordinal="5" offset="44" sl="105" sc="17" el="105" ec="59" bec="2" bev="0" fileid="1" />
                <SequencePoint vc="0" uspid="33" ordinal="6" offset="58" sl="107" sc="21" el="107" ec="33" bec="0" bev="0" fileid="1" />
                <SequencePoint vc="0" uspid="34" ordinal="7" offset="62" sl="98" sc="32" el="98" ec="34" bec="2" bev="0" fileid="1" />
                <SequencePoint vc="0" uspid="35" ordinal="8" offset="82" sl="111" sc="13" el="111" ec="26" bec="0" bev="0" fileid="1" />
                <SequencePoint vc="0" uspid="36" ordinal="9" offset="84" sl="112" sc="9" el="112" ec="10" bec="0" bev="0" fileid="1" />
              </SequencePoints>
              <BranchPoints>
                <BranchPoint vc="0" uspid="37" ordinal="0" offset="6" sl="93" path="0" offsetend="8" fileid="1" />
                <BranchPoint vc="0" uspid="38" ordinal="1" offset="6" sl="93" path="1" offsetend="10" fileid="1" />
                <BranchPoint vc="0" uspid="39" ordinal="2" offset="42" sl="100" path="0" offsetend="44" fileid="1" />
                <BranchPoint vc="0" uspid="40" ordinal="3" offset="42" sl="100" path="1" offsetend="62" fileid="1" />
                <BranchPoint vc="0" uspid="41" ordinal="4" offset="56" sl="105" path="0" offsetend="58" fileid="1" />
                <BranchPoint vc="0" uspid="42" ordinal="5" offset="56" sl="105" path="1" offsetend="62" fileid="1" />
                <BranchPoint vc="0" uspid="43" ordinal="6" offset="68" sl="98" path="0" offsetend="70" fileid="1" />
                <BranchPoint vc="0" uspid="44" ordinal="7" offset="68" sl="98" path="1" offsetend="29" fileid="1" />
              </BranchPoints>
              <MethodPoint xsi:type="SequencePoint" vc="0" uspid="27" ordinal="0" offset="0" sl="93" sc="13" el="93" ec="44" bec="2" bev="0" fileid="1" />
            </Method>
            <Method visited="true" cyclomaticComplexity="6" sequenceCoverage="80" branchCoverage="55.56" isConstructor="false" isStatic="false" isGetter="false" isSetter="false">
              <Summary numSequencePoints="10" visitedSequencePoints="8" numBranchPoints="9" visitedBranchPoints="5" sequenceCoverage="80" branchCoverage="55.56" maxCyclomaticComplexity="6" minCyclomaticComplexity="6" visitedClasses="0" numClasses="0" visitedMethods="1" numMethods="1" />
              <MetadataToken>100663306</MetadataToken>
              <Name>System.IO.Stream JeremyAnsel.IO.Locator.ArchiveFileLocator::Open(System.String)</Name>
              <FileRef uid="1" />
              <SequencePoints>
                <SequencePoint vc="1" uspid="45" ordinal="0" offset="0" sl="121" sc="13" el="121" ec="44" bec="2" bev="1" fileid="1" />
                <SequencePoint vc="0" uspid="46" ordinal="1" offset="8" sl="123" sc="17" el="123" ec="57" bec="0" bev="0" fileid="1" />
                <SequencePoint vc="1" uspid="47" ordinal="2" offset="19" sl="126" sc="35" el="126" ec="55" bec="0" bev="0" fileid="1" />
                <SequencePoint vc="1" uspid="48" ordinal="3" offset="38" sl="126" sc="22" el="126" ec="31" bec="0" bev="0" fileid="1" />
                <SequencePoint vc="1" uspid="49" ordinal="4" offset="45" sl="128" sc="17" el="128" ec="39" bec="2" bev="1" fileid="1" />
                <SequencePoint vc="1" uspid="50" ordinal="5" offset="53" sl="133" sc="17" el="133" ec="59" bec="2" bev="1" fileid="1" />
                <SequencePoint vc="1" uspid="51" ordinal="6" offset="67" sl="135" sc="21" el="135" ec="52" bec="0" bev="0" fileid="1" />
                <SequencePoint vc="1" uspid="52" ordinal="7" offset="76" sl="126" sc="32" el="126" ec="34" bec="2" bev="1" fileid="1" />
                <SequencePoint vc="0" uspid="53" ordinal="8" offset="96" sl="139" sc="13" el="139" ec="47" bec="0" bev="0" fileid="1" />
                <SequencePoint vc="1" uspid="54" ordinal="9" offset="102" sl="140" sc="9" el="140" ec="10" bec="0" bev="0" fileid="1" />
              </SequencePoints>
              <BranchPoints>
                <BranchPoint vc="0" uspid="55" ordinal="0" offset="6" sl="121" path="0" offsetend="8" fileid="1" />
                <BranchPoint vc="1" uspid="56" ordinal="1" offset="6" sl="121" path="1" offsetend="19" fileid="1" />
                <BranchPoint vc="1" uspid="57" ordinal="2" offset="51" sl="128" path="0" offsetend="53" fileid="1" />
                <BranchPoint vc="0" uspid="58" ordinal="3" offset="51" sl="128" path="1" offsetend="76" fileid="1" />
                <BranchPoint vc="1" uspid="59" ordinal="4" offset="65" sl="133" path="0" offsetend="67" fileid="1" />
                <BranchPoint vc="0" uspid="60" ordinal="5" offset="65" sl="133" path="1" offsetend="76" fileid="1" />
                <BranchPoint vc="0" uspid="61" ordinal="6" offset="82" sl="126" path="0" offsetend="84" fileid="1" />
                <BranchPoint vc="1" uspid="62" ordinal="7" offset="82" sl="126" path="1" offsetend="38" fileid="1" />
              </BranchPoints>
              <MethodPoint xsi:type="SequencePoint" vc="1" uspid="45" ordinal="0" offset="0" sl="121" sc="13" el="121" ec="44" bec="2" bev="1" fileid="1" />
            </Method>
            <Method visited="true" cyclomaticComplexity="1" sequenceCoverage="100" branchCoverage="100" isConstructor="false" isStatic="false" isGetter="false" isSetter="false">
              <Summary numSequencePoints="1" visitedSequencePoints="1" numBranchPoints="1" visitedBranchPoints="1" sequenceCoverage="100" branchCoverage="100" maxCyclomaticComplexity="1" minCyclomaticComplexity="1" visitedClasses="0" numClasses="0" visitedMethods="1" numMethods="1" />
              <MetadataToken>100663307</MetadataToken>
              <Name>System.Collections.Generic.IEnumerable`1&lt;System.String&gt; JeremyAnsel.IO.Locator.ArchiveFileLocator::EnumerateFiles()</Name>
              <FileRef uid="1" />
              <SequencePoints>
                <SequencePoint vc="1" uspid="63" ordinal="0" offset="0" sl="148" sc="13" el="148" ec="54" bec="0" bev="0" fileid="1" />
              </SequencePoints>
              <BranchPoints />
              <MethodPoint xsi:type="SequencePoint" vc="1" uspid="63" ordinal="0" offset="0" sl="148" sc="13" el="148" ec="54" bec="0" bev="0" fileid="1" />
            </Method>
            <Method visited="true" cyclomaticComplexity="1" sequenceCoverage="0" branchCoverage="0" isConstructor="false" isStatic="false" isGetter="false" isSetter="false">
              <Summary numSequencePoints="0" visitedSequencePoints="0" numBranchPoints="0" visitedBranchPoints="0" sequenceCoverage="0" branchCoverage="0" maxCyclomaticComplexity="1" minCyclomaticComplexity="1" visitedClasses="0" numClasses="0" visitedMethods="0" numMethods="0" />
              <MetadataToken>100663308</MetadataToken>
              <Name>System.Collections.Generic.IEnumerable`1&lt;System.String&gt; JeremyAnsel.IO.Locator.ArchiveFileLocator::EnumerateFiles(System.String)</Name>
              <SequencePoints />
              <BranchPoints />
              <MethodPoint vc="2" uspid="64" ordinal="0" offset="0" />
            </Method>
          </Methods>
        </Class>
        <Class>
          <Summary numSequencePoints="6" visitedSequencePoints="6" numBranchPoints="11" visitedBranchPoints="7" sequenceCoverage="100" branchCoverage="63.64" maxCyclomaticComplexity="7" minCyclomaticComplexity="1" visitedClasses="1" numClasses="1" visitedMethods="1" numMethods="1" />
          <FullName>JeremyAnsel.IO.Locator.ArchiveFileLocator/&lt;EnumerateFiles&gt;d__0</FullName>
          <Methods>
            <Method visited="true" cyclomaticComplexity="1" sequenceCoverage="0" branchCoverage="0" isConstructor="false" isStatic="false" isGetter="true" isSetter="false">
              <Summary numSequencePoints="0" visitedSequencePoints="0" numBranchPoints="0" visitedBranchPoints="0" sequenceCoverage="0" branchCoverage="0" maxCyclomaticComplexity="1" minCyclomaticComplexity="1" visitedClasses="0" numClasses="0" visitedMethods="0" numMethods="0" />
              <MetadataToken>100663359</MetadataToken>
              <Name>System.String JeremyAnsel.IO.Locator.ArchiveFileLocator/&lt;EnumerateFiles&gt;d__0::System.Collections.Generic.IEnumerator&lt;System.String&gt;.get_Current()</Name>
              <SequencePoints />
              <BranchPoints />
              <MethodPoint vc="1" uspid="65" ordinal="0" offset="0" />
            </Method>
            <Method visited="false" cyclomaticComplexity="1" sequenceCoverage="0" branchCoverage="0" isConstructor="false" isStatic="false" isGetter="true" isSetter="false">
              <Summary numSequencePoints="0" visitedSequencePoints="0" numBranchPoints="0" visitedBranchPoints="0" sequenceCoverage="0" branchCoverage="0" maxCyclomaticComplexity="1" minCyclomaticComplexity="1" visitedClasses="0" numClasses="0" visitedMethods="0" numMethods="0" />
              <MetadataToken>100663362</MetadataToken>
              <Name>System.Object JeremyAnsel.IO.Locator.ArchiveFileLocator/&lt;EnumerateFiles&gt;d__0::System.Collections.IEnumerator.get_Current()</Name>
              <SequencePoints />
              <BranchPoints />
              <MethodPoint vc="0" uspid="66" ordinal="0" offset="0" />
            </Method>
            <Method visited="true" cyclomaticComplexity="3" sequenceCoverage="0" branchCoverage="0" isConstructor="false" isStatic="false" isGetter="false" isSetter="false">
              <Summary numSequencePoints="0" visitedSequencePoints="0" numBranchPoints="0" visitedBranchPoints="0" sequenceCoverage="0" branchCoverage="0" maxCyclomaticComplexity="3" minCyclomaticComplexity="3" visitedClasses="0" numClasses="0" visitedMethods="0" numMethods="0" />
              <MetadataToken>100663356</MetadataToken>
              <Name>System.Collections.Generic.IEnumerator`1&lt;System.String&gt; JeremyAnsel.IO.Locator.ArchiveFileLocator/&lt;EnumerateFiles&gt;d__0::System.Collections.Generic.IEnumerable&lt;System.String&gt;.GetEnumerator()</Name>
              <SequencePoints />
              <BranchPoints />
              <MethodPoint vc="2" uspid="67" ordinal="0" offset="0" />
            </Method>
            <Method visited="false" cyclomaticComplexity="1" sequenceCoverage="0" branchCoverage="0" isConstructor="false" isStatic="false" isGetter="false" isSetter="false">
              <Summary numSequencePoints="0" visitedSequencePoints="0" numBranchPoints="0" visitedBranchPoints="0" sequenceCoverage="0" branchCoverage="0" maxCyclomaticComplexity="1" minCyclomaticComplexity="1" visitedClasses="0" numClasses="0" visitedMethods="0" numMethods="0" />
              <MetadataToken>100663357</MetadataToken>
              <Name>System.Collections.IEnumerator JeremyAnsel.IO.Locator.ArchiveFileLocator/&lt;EnumerateFiles&gt;d__0::System.Collections.IEnumerable.GetEnumerator()</Name>
              <SequencePoints />
              <BranchPoints />
              <MethodPoint vc="0" uspid="68" ordinal="0" offset="0" />
            </Method>
            <Method visited="true" cyclomaticComplexity="7" sequenceCoverage="100" branchCoverage="63.64" isConstructor="false" isStatic="false" isGetter="false" isSetter="false">
              <Summary numSequencePoints="6" visitedSequencePoints="6" numBranchPoints="11" visitedBranchPoints="7" sequenceCoverage="100" branchCoverage="63.64" maxCyclomaticComplexity="7" minCyclomaticComplexity="7" visitedClasses="0" numClasses="0" visitedMethods="1" numMethods="1" />
              <MetadataToken>100663358</MetadataToken>
              <Name>System.Boolean JeremyAnsel.IO.Locator.ArchiveFileLocator/&lt;EnumerateFiles&gt;d__0::MoveNext()</Name>
              <FileRef uid="1" />
              <SequencePoints>
                <SequencePoint vc="2" uspid="69" ordinal="0" offset="37" sl="158" sc="35" el="158" ec="55" bec="3" bev="2" fileid="1" />
                <SequencePoint vc="3" uspid="70" ordinal="1" offset="73" sl="158" sc="22" el="158" ec="31" bec="0" bev="0" fileid="1" />
                <SequencePoint vc="3" uspid="71" ordinal="2" offset="90" sl="160" sc="17" el="160" ec="39" bec="2" bev="1" fileid="1" />
                <SequencePoint vc="3" uspid="72" ordinal="3" offset="103" sl="165" sc="17" el="165" ec="63" bec="2" bev="1" fileid="1" />
                <SequencePoint vc="3" uspid="73" ordinal="4" offset="127" sl="167" sc="21" el="167" ec="69" bec="0" bev="0" fileid="1" />
                <SequencePoint vc="5" uspid="74" ordinal="5" offset="167" sl="158" sc="32" el="158" ec="34" bec="2" bev="2" fileid="1" />
              </SequencePoints>
              <BranchPoints>
                <BranchPoint vc="0" uspid="75" ordinal="0" offset="8" sl="158" path="0" offsetchain="25" offsetend="186" fileid="1" />
                <BranchPoint vc="2" uspid="76" ordinal="1" offset="8" sl="158" path="1" offsetend="30" fileid="1" />
                <BranchPoint vc="0" uspid="77" ordinal="2" offset="8" sl="158" path="2" offsetend="186" fileid="1" />
                <BranchPoint vc="3" uspid="78" ordinal="3" offset="8" sl="158" path="3" offsetend="160" fileid="1" />
                <BranchPoint vc="3" uspid="79" ordinal="4" offset="101" sl="160" path="0" offsetend="103" fileid="1" />
                <BranchPoint vc="0" uspid="80" ordinal="5" offset="101" sl="160" path="1" offsetend="167" fileid="1" />
                <BranchPoint vc="3" uspid="81" ordinal="6" offset="125" sl="165" path="0" offsetend="127" fileid="1" />
                <BranchPoint vc="0" uspid="82" ordinal="7" offset="125" sl="165" path="1" offsetend="167" fileid="1" />
                <BranchPoint vc="2" uspid="83" ordinal="8" offset="178" sl="158" path="0" offsetend="180" fileid="1" />
                <BranchPoint vc="3" uspid="84" ordinal="9" offset="178" sl="158" path="1" offsetend="73" fileid="1" />
              </BranchPoints>
              <MethodPoint vc="5" uspid="85" ordinal="0" offset="0" />
            </Method>
            <Method visited="false" cyclomaticComplexity="1" sequenceCoverage="0" branchCoverage="0" isConstructor="false" isStatic="false" isGetter="false" isSetter="false">
              <Summary numSequencePoints="0" visitedSequencePoints="0" numBranchPoints="0" visitedBranchPoints="0" sequenceCoverage="0" branchCoverage="0" maxCyclomaticComplexity="1" minCyclomaticComplexity="1" visitedClasses="0" numClasses="0" visitedMethods="0" numMethods="0" />
              <MetadataToken>100663360</MetadataToken>
              <Name>System.Void JeremyAnsel.IO.Locator.ArchiveFileLocator/&lt;EnumerateFiles&gt;d__0::System.Collections.IEnumerator.Reset()</Name>
              <SequencePoints />
              <BranchPoints />
              <MethodPoint vc="0" uspid="86" ordinal="0" offset="0" />
            </Method>
            <Method visited="true" cyclomaticComplexity="2" sequenceCoverage="0" branchCoverage="0" isConstructor="false" isStatic="false" isGetter="false" isSetter="false">
              <Summary numSequencePoints="0" visitedSequencePoints="0" numBranchPoints="0" visitedBranchPoints="0" sequenceCoverage="0" branchCoverage="0" maxCyclomaticComplexity="2" minCyclomaticComplexity="2" visitedClasses="0" numClasses="0" visitedMethods="0" numMethods="0" />
              <MetadataToken>100663361</MetadataToken>
              <Name>System.Void JeremyAnsel.IO.Locator.ArchiveFileLocator/&lt;EnumerateFiles&gt;d__0::System.IDisposable.Dispose()</Name>
              <SequencePoints />
              <BranchPoints />
              <MethodPoint vc="2" uspid="87" ordinal="0" offset="0" />
            </Method>
            <Method visited="true" cyclomaticComplexity="1" sequenceCoverage="0" branchCoverage="0" isConstructor="true" isStatic="false" isGetter="false" isSetter="false">
              <Summary numSequencePoints="0" visitedSequencePoints="0" numBranchPoints="0" visitedBranchPoints="0" sequenceCoverage="0" branchCoverage="0" maxCyclomaticComplexity="1" minCyclomaticComplexity="1" visitedClasses="0" numClasses="0" visitedMethods="0" numMethods="0" />
              <MetadataToken>100663363</MetadataToken>
              <Name>System.Void JeremyAnsel.IO.Locator.ArchiveFileLocator/&lt;EnumerateFiles&gt;d__0::.ctor(System.Int32)</Name>
              <SequencePoints />
              <BranchPoints />
              <MethodPoint vc="2" uspid="88" ordinal="0" offset="0" />
            </Method>
            <Method visited="true" cyclomaticComplexity="2" sequenceCoverage="0" branchCoverage="0" isConstructor="false" isStatic="false" isGetter="false" isSetter="false">
              <Summary numSequencePoints="0" visitedSequencePoints="0" numBranchPoints="0" visitedBranchPoints="0" sequenceCoverage="0" branchCoverage="0" maxCyclomaticComplexity="2" minCyclomaticComplexity="2" visitedClasses="0" numClasses="0" visitedMethods="0" numMethods="0" />
              <MetadataToken>100663364</MetadataToken>
              <Name>System.Void JeremyAnsel.IO.Locator.ArchiveFileLocator/&lt;EnumerateFiles&gt;d__0::&lt;&gt;m__Finally3()</Name>
              <SequencePoints />
              <BranchPoints />
              <MethodPoint vc="2" uspid="89" ordinal="0" offset="0" />
            </Method>
          </Methods>
        </Class>
        <Class>
          <Summary numSequencePoints="58" visitedSequencePoints="48" numBranchPoints="31" visitedBranchPoints="21" sequenceCoverage="82.76" branchCoverage="67.74" maxCyclomaticComplexity="7" minCyclomaticComplexity="1" visitedClasses="1" numClasses="1" visitedMethods="6" numMethods="7" />
          <FullName>JeremyAnsel.IO.Locator.ArchiveWritableFileLocator</FullName>
          <Methods>
            <Method visited="true" cyclomaticComplexity="7" sequenceCoverage="100" branchCoverage="85.71" isConstructor="true" isStatic="false" isGetter="false" isSetter="false">
              <Summary numSequencePoints="15" visitedSequencePoints="15" numBranchPoints="7" visitedBranchPoints="6" sequenceCoverage="100" branchCoverage="85.71" maxCyclomaticComplexity="7" minCyclomaticComplexity="7" visitedClasses="0" numClasses="0" visitedMethods="1" numMethods="1" />
              <MetadataToken>100663313</MetadataToken>
              <Name>System.Void JeremyAnsel.IO.Locator.ArchiveWritableFileLocator::.ctor(System.String,SharpCompress.Common.ArchiveType,SharpCompress.Common.CompressionType,SharpCompress.Compressor.Deflate.CompressionLevel)</Name>
              <FileRef uid="3" />
              <SequencePoints>
                <SequencePoint vc="2" uspid="90" ordinal="0" offset="0" sl="44" sc="9" el="44" ec="148" bec="0" bev="0" fileid="3" />
                <SequencePoint vc="2" uspid="91" ordinal="1" offset="6" sl="46" sc="13" el="46" ec="49" bec="0" bev="0" fileid="3" />
                <SequencePoint vc="2" uspid="92" ordinal="2" offset="17" sl="48" sc="20" el="48" ec="56" bec="0" bev="0" fileid="3" />
                <SequencePoint vc="2" uspid="93" ordinal="3" offset="23" sl="50" sc="17" el="50" ec="39" bec="2" bev="1" fileid="3" />
                <SequencePoint vc="2" uspid="94" ordinal="4" offset="31" sl="52" sc="21" el="52" ec="37" bec="0" bev="0" fileid="3" />
                <SequencePoint vc="2" uspid="95" ordinal="5" offset="34" sl="54" sc="28" el="54" ec="58" bec="0" bev="0" fileid="3" />
                <SequencePoint vc="2" uspid="96" ordinal="6" offset="41" sl="56" sc="25" el="56" ec="46" bec="0" bev="0" fileid="3" />
                <SequencePoint vc="2" uspid="97" ordinal="7" offset="60" sl="59" sc="21" el="59" ec="37" bec="2" bev="2" fileid="3" />
                <SequencePoint vc="1" uspid="98" ordinal="8" offset="65" sl="61" sc="32" el="61" ec="76" bec="0" bev="0" fileid="3" />
                <SequencePoint vc="1" uspid="99" ordinal="9" offset="72" sl="63" sc="29" el="63" ec="53" bec="0" bev="0" fileid="3" />
                <SequencePoint vc="2" uspid="100" ordinal="10" offset="91" sl="68" sc="17" el="68" ec="56" bec="0" bev="0" fileid="3" />
                <SequencePoint vc="2" uspid="101" ordinal="11" offset="103" sl="69" sc="17" el="69" ec="173" bec="0" bev="0" fileid="3" />
                <SequencePoint vc="2" uspid="102" ordinal="12" offset="147" sl="71" sc="17" el="71" ec="37" bec="2" bev="2" fileid="3" />
                <SequencePoint vc="1" uspid="103" ordinal="13" offset="155" sl="73" sc="21" el="73" ec="43" bec="0" bev="0" fileid="3" />
                <SequencePoint vc="2" uspid="104" ordinal="14" offset="174" sl="76" sc="9" el="76" ec="10" bec="0" bev="0" fileid="3" />
              </SequencePoints>
              <BranchPoints>
                <BranchPoint vc="2" uspid="105" ordinal="0" offset="29" sl="50" path="0" offsetend="31" fileid="3" />
                <BranchPoint vc="0" uspid="106" ordinal="1" offset="29" sl="50" path="1" offsetend="91" fileid="3" />
                <BranchPoint vc="1" uspid="107" ordinal="2" offset="63" sl="59" path="0" offsetend="65" fileid="3" />
                <BranchPoint vc="1" uspid="108" ordinal="3" offset="63" sl="59" path="1" offsetend="91" fileid="3" />
                <BranchPoint vc="1" uspid="109" ordinal="4" offset="153" sl="71" path="0" offsetend="155" fileid="3" />
                <BranchPoint vc="1" uspid="110" ordinal="5" offset="153" sl="71" path="1" offsetend="162" fileid="3" />
              </BranchPoints>
              <MethodPoint xsi:type="SequencePoint" vc="2" uspid="90" ordinal="0" offset="0" sl="44" sc="9" el="44" ec="148" bec="0" bev="0" fileid="3" />
            </Method>
            <Method visited="false" cyclomaticComplexity="1" sequenceCoverage="0" branchCoverage="0" isConstructor="true" isStatic="false" isGetter="false" isSetter="false">
              <Summary numSequencePoints="4" visitedSequencePoints="0" numBranchPoints="1" visitedBranchPoints="0" sequenceCoverage="0" branchCoverage="0" maxCyclomaticComplexity="1" minCyclomaticComplexity="1" visitedClasses="0" numClasses="0" visitedMethods="0" numMethods="1" />
              <MetadataToken>100663314</MetadataToken>
              <Name>System.Void JeremyAnsel.IO.Locator.ArchiveWritableFileLocator::.ctor(System.IO.Stream,SharpCompress.Common.ArchiveType,SharpCompress.Common.CompressionType,SharpCompress.Compressor.Deflate.CompressionLevel)</Name>
              <FileRef uid="3" />
              <SequencePoints>
                <SequencePoint vc="0" uspid="111" ordinal="0" offset="0" sl="85" sc="9" el="85" ec="148" bec="0" bev="0" fileid="3" />
                <SequencePoint vc="0" uspid="112" ordinal="1" offset="6" sl="87" sc="13" el="87" ec="49" bec="0" bev="0" fileid="3" />
                <SequencePoint vc="0" uspid="113" ordinal="2" offset="17" sl="89" sc="13" el="89" ec="158" bec="0" bev="0" fileid="3" />
                <SequencePoint vc="0" uspid="114" ordinal="3" offset="52" sl="90" sc="9" el="90" ec="10" bec="0" bev="0" fileid="3" />
              </SequencePoints>
              <BranchPoints />
              <MethodPoint xsi:type="SequencePoint" vc="0" uspid="111" ordinal="0" offset="0" sl="85" sc="9" el="85" ec="148" bec="0" bev="0" fileid="3" />
            </Method>
            <Method visited="true" cyclomaticComplexity="3" sequenceCoverage="100" branchCoverage="60" isConstructor="false" isStatic="false" isGetter="false" isSetter="false">
              <Summary numSequencePoints="8" visitedSequencePoints="8" numBranchPoints="5" visitedBranchPoints="3" sequenceCoverage="100" branchCoverage="60" maxCyclomaticComplexity="3" minCyclomaticComplexity="3" visitedClasses="0" numClasses="0" visitedMethods="1" numMethods="1" />
              <MetadataToken>100663315</MetadataToken>
              <Name>System.Void JeremyAnsel.IO.Locator.ArchiveWritableFileLocator::Dispose()</Name>
              <FileRef uid="3" />
              <SequencePoints>
                <SequencePoint vc="2" uspid="115" ordinal="0" offset="0" sl="97" sc="13" el="97" ec="38" bec="2" bev="1" fileid="3" />
                <SequencePoint vc="2" uspid="116" ordinal="1" offset="8" sl="99" sc="17" el="99" ec="40" bec="0" bev="0" fileid="3" />
                <SequencePoint vc="2" uspid="117" ordinal="2" offset="19" sl="100" sc="17" el="100" ec="37" bec="0" bev="0" fileid="3" />
                <SequencePoint vc="2" uspid="118" ordinal="3" offset="26" sl="103" sc="13" el="103" ec="41" bec="2" bev="1" fileid="3" />
                <SequencePoint vc="2" uspid="119" ordinal="4" offset="34" sl="105" sc="17" el="105" ec="43" bec="0" bev="0" fileid="3" />
                <SequencePoint vc="2" uspid="120" ordinal="5" offset="45" sl="106" sc="17" el="106" ec="40" bec="0" bev="0" fileid="3" />
                <SequencePoint vc="2" uspid="121" ordinal="6" offset="52" sl="109" sc="13" el="109" ec="39" bec="0" bev="0" fileid="3" />
                <SequencePoint vc="2" uspid="122" ordinal="7" offset="58" sl="110" sc="9" el="110" ec="10" bec="0" bev="0" fileid="3" />
              </SequencePoints>
              <BranchPoints>
                <BranchPoint vc="2" uspid="123" ordinal="0" offset="6" sl="97" path="0" offsetend="8" fileid="3" />
                <BranchPoint vc="0" uspid="124" ordinal="1" offset="6" sl="97" path="1" offsetend="26" fileid="3" />
                <BranchPoint vc="2" uspid="125" ordinal="2" offset="32" sl="103" path="0" offsetend="34" fileid="3" />
                <BranchPoint vc="0" uspid="126" ordinal="3" offset="32" sl="103" path="1" offsetend="52" fileid="3" />
              </BranchPoints>
              <MethodPoint xsi:type="SequencePoint" vc="2" uspid="115" ordinal="0" offset="0" sl="97" sc="13" el="97" ec="38" bec="2" bev="1" fileid="3" />
            </Method>
            <Method visited="true" cyclomaticComplexity="4" sequenceCoverage="81.82" branchCoverage="60" isConstructor="false" isStatic="false" isGetter="false" isSetter="false">
              <Summary numSequencePoints="11" visitedSequencePoints="9" numBranchPoints="5" visitedBranchPoints="3" sequenceCoverage="81.82" branchCoverage="60" maxCyclomaticComplexity="4" minCyclomaticComplexity="4" visitedClasses="0" numClasses="0" visitedMethods="1" numMethods="1" />
              <MetadataToken>100663316</MetadataToken>
              <Name>System.Void JeremyAnsel.IO.Locator.ArchiveWritableFileLocator::Create(System.String)</Name>
              <FileRef uid="3" />
              <SequencePoints>
                <SequencePoint vc="2" uspid="127" ordinal="0" offset="0" sl="118" sc="13" el="118" ec="44" bec="2" bev="1" fileid="3" />
                <SequencePoint vc="0" uspid="128" ordinal="1" offset="8" sl="120" sc="17" el="120" ec="57" bec="0" bev="0" fileid="3" />
                <SequencePoint vc="2" uspid="129" ordinal="2" offset="19" sl="123" sc="13" el="123" ec="50" bec="0" bev="0" fileid="3" />
                <SequencePoint vc="2" uspid="130" ordinal="3" offset="27" sl="125" sc="13" el="125" ec="42" bec="2" bev="1" fileid="3" />
                <SequencePoint vc="0" uspid="131" ordinal="4" offset="41" sl="127" sc="17" el="127" ec="63" bec="0" bev="0" fileid="3" />
                <SequencePoint vc="2" uspid="132" ordinal="5" offset="52" sl="130" sc="20" el="130" ec="51" bec="0" bev="0" fileid="3" />
                <SequencePoint vc="2" uspid="133" ordinal="6" offset="58" sl="132" sc="17" el="132" ec="37" bec="0" bev="0" fileid="3" />
                <SequencePoint vc="2" uspid="134" ordinal="7" offset="65" sl="133" sc="17" el="133" ec="50" bec="0" bev="0" fileid="3" />
                <SequencePoint vc="2" uspid="135" ordinal="8" offset="75" sl="135" sc="17" el="135" ec="50" bec="0" bev="0" fileid="3" />
                <SequencePoint vc="2" uspid="136" ordinal="9" offset="100" sl="138" sc="13" el="138" ec="33" bec="0" bev="0" fileid="3" />
                <SequencePoint vc="2" uspid="137" ordinal="10" offset="113" sl="139" sc="9" el="139" ec="10" bec="0" bev="0" fileid="3" />
              </SequencePoints>
              <BranchPoints>
                <BranchPoint vc="0" uspid="138" ordinal="0" offset="6" sl="118" path="0" offsetend="8" fileid="3" />
                <BranchPoint vc="2" uspid="139" ordinal="1" offset="6" sl="118" path="1" offsetend="19" fileid="3" />
                <BranchPoint vc="0" uspid="140" ordinal="2" offset="39" sl="125" path="0" offsetend="41" fileid="3" />
                <BranchPoint vc="2" uspid="141" ordinal="3" offset="39" sl="125" path="1" offsetend="52" fileid="3" />
              </BranchPoints>
              <MethodPoint xsi:type="SequencePoint" vc="2" uspid="127" ordinal="0" offset="0" sl="118" sc="13" el="118" ec="44" bec="2" bev="1" fileid="3" />
            </Method>
            <Method visited="true" cyclomaticComplexity="4" sequenceCoverage="70" branchCoverage="57.14" isConstructor="false" isStatic="false" isGetter="false" isSetter="false">
              <Summary numSequencePoints="10" visitedSequencePoints="7" numBranchPoints="7" visitedBranchPoints="4" sequenceCoverage="70" branchCoverage="57.14" maxCyclomaticComplexity="4" minCyclomaticComplexity="4" visitedClasses="0" numClasses="0" visitedMethods="1" numMethods="1" />
              <MetadataToken>100663317</MetadataToken>
              <Name>System.Void JeremyAnsel.IO.Locator.ArchiveWritableFileLocator::Write(System.String,System.IO.Stream)</Name>
              <FileRef uid="3" />
              <SequencePoints>
                <SequencePoint vc="1" uspid="142" ordinal="0" offset="0" sl="148" sc="13" el="148" ec="44" bec="2" bev="1" fileid="3" />
                <SequencePoint vc="0" uspid="143" ordinal="1" offset="8" sl="150" sc="17" el="150" ec="57" bec="0" bev="0" fileid="3" />
                <SequencePoint vc="1" uspid="144" ordinal="2" offset="19" sl="153" sc="13" el="153" ec="30" bec="2" bev="1" fileid="3" />
                <SequencePoint vc="0" uspid="145" ordinal="3" offset="22" sl="155" sc="17" el="155" ec="57" bec="0" bev="0" fileid="3" />
                <SequencePoint vc="1" uspid="146" ordinal="4" offset="33" sl="158" sc="13" el="158" ec="50" bec="0" bev="0" fileid="3" />
                <SequencePoint vc="1" uspid="147" ordinal="5" offset="41" sl="160" sc="13" el="160" ec="42" bec="2" bev="1" fileid="3" />
                <SequencePoint vc="0" uspid="148" ordinal="6" offset="55" sl="162" sc="17" el="162" ec="63" bec="0" bev="0" fileid="3" />
                <SequencePoint vc="1" uspid="149" ordinal="7" offset="66" sl="165" sc="13" el="165" ec="44" bec="0" bev="0" fileid="3" />
                <SequencePoint vc="1" uspid="150" ordinal="8" offset="79" sl="166" sc="13" el="166" ec="33" bec="0" bev="0" fileid="3" />
                <SequencePoint vc="1" uspid="151" ordinal="9" offset="92" sl="167" sc="9" el="167" ec="10" bec="0" bev="0" fileid="3" />
              </SequencePoints>
              <BranchPoints>
                <BranchPoint vc="0" uspid="152" ordinal="0" offset="6" sl="148" path="0" offsetend="8" fileid="3" />
                <BranchPoint vc="1" uspid="153" ordinal="1" offset="6" sl="148" path="1" offsetend="19" fileid="3" />
                <BranchPoint vc="0" uspid="154" ordinal="2" offset="20" sl="153" path="0" offsetend="22" fileid="3" />
                <BranchPoint vc="1" uspid="155" ordinal="3" offset="20" sl="153" path="1" offsetend="33" fileid="3" />
                <BranchPoint vc="0" uspid="156" ordinal="4" offset="53" sl="160" path="0" offsetend="55" fileid="3" />
                <BranchPoint vc="1" uspid="157" ordinal="5" offset="53" sl="160" path="1" offsetend="66" fileid="3" />
              </BranchPoints>
              <MethodPoint xsi:type="SequencePoint" vc="1" uspid="142" ordinal="0" offset="0" sl="148" sc="13" el="148" ec="44" bec="2" bev="1" fileid="3" />
            </Method>
            <Method visited="true" cyclomaticComplexity="1" sequenceCoverage="100" branchCoverage="100" isConstructor="false" isStatic="false" isGetter="false" isSetter="false">
              <Summary numSequencePoints="2" visitedSequencePoints="2" numBranchPoints="1" visitedBranchPoints="1" sequenceCoverage="100" branchCoverage="100" maxCyclomaticComplexity="1" minCyclomaticComplexity="1" visitedClasses="0" numClasses="0" visitedMethods="1" numMethods="1" />
              <MetadataToken>100663318</MetadataToken>
              <Name>System.Void JeremyAnsel.IO.Locator.ArchiveWritableFileLocator::WriteAll(JeremyAnsel.IO.Locator.IFileLocator)</Name>
              <FileRef uid="3" />
              <SequencePoints>
                <SequencePoint vc="1" uspid="158" ordinal="0" offset="0" sl="175" sc="13" el="175" ec="50" bec="0" bev="0" fileid="3" />
                <SequencePoint vc="1" uspid="159" ordinal="1" offset="12" sl="176" sc="9" el="176" ec="10" bec="0" bev="0" fileid="3" />
              </SequencePoints>
              <BranchPoints />
              <MethodPoint xsi:type="SequencePoint" vc="1" uspid="158" ordinal="0" offset="0" sl="175" sc="13" el="175" ec="50" bec="0" bev="0" fileid="3" />
            </Method>
            <Method visited="true" cyclomaticComplexity="5" sequenceCoverage="87.5" branchCoverage="80" isConstructor="false" isStatic="false" isGetter="false" isSetter="false">
              <Summary numSequencePoints="8" visitedSequencePoints="7" numBranchPoints="5" visitedBranchPoints="4" sequenceCoverage="87.5" branchCoverage="80" maxCyclomaticComplexity="5" minCyclomaticComplexity="5" visitedClasses="0" numClasses="0" visitedMethods="1" numMethods="1" />
              <MetadataToken>100663319</MetadataToken>
              <Name>System.Void JeremyAnsel.IO.Locator.ArchiveWritableFileLocator::WriteAll(JeremyAnsel.IO.Locator.IFileLocator,System.String)</Name>
              <FileRef uid="3" />
              <SequencePoints>
                <SequencePoint vc="1" uspid="160" ordinal="0" offset="0" sl="185" sc="13" el="185" ec="33" bec="2" bev="1" fileid="3" />
                <SequencePoint vc="0" uspid="161" ordinal="1" offset="3" sl="187" sc="17" el="187" ec="60" bec="0" bev="0" fileid="3" />
                <SequencePoint vc="1" uspid="162" ordinal="2" offset="14" sl="190" sc="34" el="190" ec="62" bec="0" bev="0" fileid="3" />
                <SequencePoint vc="1" uspid="163" ordinal="3" offset="29" sl="190" sc="22" el="190" ec="30" bec="0" bev="0" fileid="3" />
                <SequencePoint vc="1" uspid="164" ordinal="4" offset="36" sl="192" sc="24" el="192" ec="55" bec="0" bev="0" fileid="3" />
                <SequencePoint vc="1" uspid="165" ordinal="5" offset="44" sl="194" sc="21" el="194" ec="46" bec="0" bev="0" fileid="3" />
                <SequencePoint vc="2" uspid="166" ordinal="6" offset="64" sl="190" sc="31" el="190" ec="33" bec="2" bev="2" fileid="3" />
                <SequencePoint vc="1" uspid="167" ordinal="7" offset="84" sl="197" sc="9" el="197" ec="10" bec="0" bev="0" fileid="3" />
              </SequencePoints>
              <BranchPoints>
                <BranchPoint vc="0" uspid="168" ordinal="0" offset="1" sl="185" path="0" offsetend="3" fileid="3" />
                <BranchPoint vc="1" uspid="169" ordinal="1" offset="1" sl="185" path="1" offsetend="14" fileid="3" />
                <BranchPoint vc="1" uspid="170" ordinal="2" offset="70" sl="190" path="0" offsetend="72" fileid="3" />
                <BranchPoint vc="1" uspid="171" ordinal="3" offset="70" sl="190" path="1" offsetend="29" fileid="3" />
              </BranchPoints>
              <MethodPoint xsi:type="SequencePoint" vc="1" uspid="160" ordinal="0" offset="0" sl="185" sc="13" el="185" ec="33" bec="2" bev="1" fileid="3" />
            </Method>
          </Methods>
        </Class>
        <Class>
          <Summary numSequencePoints="15" visitedSequencePoints="3" numBranchPoints="15" visitedBranchPoints="3" sequenceCoverage="20" branchCoverage="20" maxCyclomaticComplexity="4" minCyclomaticComplexity="2" visitedClasses="1" numClasses="1" visitedMethods="1" numMethods="3" />
          <FullName>JeremyAnsel.IO.Locator.FileLocatorFactory</FullName>
          <Methods>
            <Method visited="true" cyclomaticComplexity="3" sequenceCoverage="60" branchCoverage="60" isConstructor="false" isStatic="true" isGetter="false" isSetter="false">
              <Summary numSequencePoints="5" visitedSequencePoints="3" numBranchPoints="5" visitedBranchPoints="3" sequenceCoverage="60" branchCoverage="60" maxCyclomaticComplexity="3" minCyclomaticComplexity="3" visitedClasses="0" numClasses="0" visitedMethods="1" numMethods="1" />
              <MetadataToken>100663320</MetadataToken>
              <Name>JeremyAnsel.IO.Locator.IFileLocator JeremyAnsel.IO.Locator.FileLocatorFactory::Create(System.String)</Name>
              <FileRef uid="4" />
              <SequencePoints>
                <SequencePoint vc="2" uspid="172" ordinal="0" offset="0" sl="28" sc="13" el="28" ec="44" bec="2" bev="1" fileid="4" />
                <SequencePoint vc="0" uspid="173" ordinal="1" offset="8" sl="30" sc="17" el="30" ec="57" bec="0" bev="0" fileid="4" />
                <SequencePoint vc="2" uspid="174" ordinal="2" offset="19" sl="33" sc="13" el="33" ec="41" bec="2" bev="1" fileid="4" />
                <SequencePoint vc="2" uspid="175" ordinal="3" offset="27" sl="35" sc="17" el="35" ec="53" bec="0" bev="0" fileid="4" />
                <SequencePoint vc="0" uspid="176" ordinal="4" offset="34" sl="38" sc="13" el="38" ec="48" bec="0" bev="0" fileid="4" />
              </SequencePoints>
              <BranchPoints>
                <BranchPoint vc="0" uspid="177" ordinal="0" offset="6" sl="28" path="0" offsetend="8" fileid="4" />
                <BranchPoint vc="2" uspid="178" ordinal="1" offset="6" sl="28" path="1" offsetend="19" fileid="4" />
                <BranchPoint vc="2" uspid="179" ordinal="2" offset="25" sl="33" path="0" offsetend="27" fileid="4" />
                <BranchPoint vc="0" uspid="180" ordinal="3" offset="25" sl="33" path="1" offsetend="34" fileid="4" />
              </BranchPoints>
              <MethodPoint xsi:type="SequencePoint" vc="2" uspid="172" ordinal="0" offset="0" sl="28" sc="13" el="28" ec="44" bec="2" bev="1" fileid="4" />
            </Method>
            <Method visited="false" cyclomaticComplexity="4" sequenceCoverage="0" branchCoverage="0" isConstructor="false" isStatic="true" isGetter="false" isSetter="false">
              <Summary numSequencePoints="7" visitedSequencePoints="0" numBranchPoints="7" visitedBranchPoints="0" sequenceCoverage="0" branchCoverage="0" maxCyclomaticComplexity="4" minCyclomaticComplexity="4" visitedClasses="0" numClasses="0" visitedMethods="0" numMethods="1" />
              <MetadataToken>100663321</MetadataToken>
              <Name>JeremyAnsel.IO.Locator.IFileLocator JeremyAnsel.IO.Locator.FileLocatorFactory::Create(JeremyAnsel.IO.Locator.IFileLocator,System.String)</Name>
              <FileRef uid="4" />
              <SequencePoints>
                <SequencePoint vc="0" uspid="181" ordinal="0" offset="0" sl="49" sc="13" el="49" ec="33" bec="2" bev="0" fileid="4" />
                <SequencePoint vc="0" uspid="182" ordinal="1" offset="3" sl="51" sc="17" el="51" ec="60" bec="0" bev="0" fileid="4" />
                <SequencePoint vc="0" uspid="183" ordinal="2" offset="14" sl="54" sc="13" el="54" ec="30" bec="2" bev="0" fileid="4" />
                <SequencePoint vc="0" uspid="184" ordinal="3" offset="17" sl="56" sc="17" el="56" ec="57" bec="0" bev="0" fileid="4" />
                <SequencePoint vc="0" uspid="185" ordinal="4" offset="28" sl="59" sc="13" el="59" ec="41" bec="2" bev="0" fileid="4" />
                <SequencePoint vc="0" uspid="186" ordinal="5" offset="36" sl="61" sc="17" el="61" ec="62" bec="0" bev="0" fileid="4" />
                <SequencePoint vc="0" uspid="187" ordinal="6" offset="44" sl="64" sc="13" el="64" ec="57" bec="0" bev="0" fileid="4" />
              </SequencePoints>
              <BranchPoints>
                <BranchPoint vc="0" uspid="188" ordinal="0" offset="1" sl="49" path="0" offsetend="3" fileid="4" />
                <BranchPoint vc="0" uspid="189" ordinal="1" offset="1" sl="49" path="1" offsetend="14" fileid="4" />
                <BranchPoint vc="0" uspid="190" ordinal="2" offset="15" sl="54" path="0" offsetend="17" fileid="4" />
                <BranchPoint vc="0" uspid="191" ordinal="3" offset="15" sl="54" path="1" offsetend="28" fileid="4" />
                <BranchPoint vc="0" uspid="192" ordinal="4" offset="34" sl="59" path="0" offsetend="36" fileid="4" />
                <BranchPoint vc="0" uspid="193" ordinal="5" offset="34" sl="59" path="1" offsetend="44" fileid="4" />
              </BranchPoints>
              <MethodPoint xsi:type="SequencePoint" vc="0" uspid="181" ordinal="0" offset="0" sl="49" sc="13" el="49" ec="33" bec="2" bev="0" fileid="4" />
            </Method>
            <Method visited="false" cyclomaticComplexity="2" sequenceCoverage="0" branchCoverage="0" isConstructor="false" isStatic="true" isGetter="false" isSetter="false">
              <Summary numSequencePoints="3" visitedSequencePoints="0" numBranchPoints="3" visitedBranchPoints="0" sequenceCoverage="0" branchCoverage="0" maxCyclomaticComplexity="2" minCyclomaticComplexity="2" visitedClasses="0" numClasses="0" visitedMethods="0" numMethods="1" />
              <MetadataToken>100663322</MetadataToken>
              <Name>JeremyAnsel.IO.Locator.IFileLocator JeremyAnsel.IO.Locator.FileLocatorFactory::Create(System.IO.Stream)</Name>
              <FileRef uid="4" />
              <SequencePoints>
                <SequencePoint vc="0" uspid="194" ordinal="0" offset="0" sl="74" sc="13" el="74" ec="30" bec="2" bev="0" fileid="4" />
                <SequencePoint vc="0" uspid="195" ordinal="1" offset="3" sl="76" sc="17" el="76" ec="57" bec="0" bev="0" fileid="4" />
                <SequencePoint vc="0" uspid="196" ordinal="2" offset="14" sl="79" sc="13" el="79" ec="49" bec="0" bev="0" fileid="4" />
              </SequencePoints>
              <BranchPoints>
                <BranchPoint vc="0" uspid="197" ordinal="0" offset="1" sl="74" path="0" offsetend="3" fileid="4" />
                <BranchPoint vc="0" uspid="198" ordinal="1" offset="1" sl="74" path="1" offsetend="14" fileid="4" />
              </BranchPoints>
              <MethodPoint xsi:type="SequencePoint" vc="0" uspid="194" ordinal="0" offset="0" sl="74" sc="13" el="74" ec="30" bec="2" bev="0" fileid="4" />
            </Method>
          </Methods>
        </Class>
        <Class>
          <Summary numSequencePoints="41" visitedSequencePoints="26" numBranchPoints="25" visitedBranchPoints="13" sequenceCoverage="63.41" branchCoverage="52" maxCyclomaticComplexity="5" minCyclomaticComplexity="1" visitedClasses="1" numClasses="1" visitedMethods="7" numMethods="11" />
          <FullName>JeremyAnsel.IO.Locator.MemoryFileLocator</FullName>
          <Methods>
            <Method visited="true" cyclomaticComplexity="1" sequenceCoverage="100" branchCoverage="100" isConstructor="false" isStatic="false" isGetter="true" isSetter="false">
              <Summary numSequencePoints="1" visitedSequencePoints="1" numBranchPoints="1" visitedBranchPoints="1" sequenceCoverage="100" branchCoverage="100" maxCyclomaticComplexity="1" minCyclomaticComplexity="1" visitedClasses="0" numClasses="0" visitedMethods="1" numMethods="1" />
              <MetadataToken>100663324</MetadataToken>
              <Name>System.Boolean JeremyAnsel.IO.Locator.MemoryFileLocator::get_IsEmpty()</Name>
              <FileRef uid="5" />
              <SequencePoints>
                <SequencePoint vc="2" uspid="199" ordinal="0" offset="0" sl="39" sc="17" el="39" ec="49" bec="0" bev="0" fileid="5" />
              </SequencePoints>
              <BranchPoints />
              <MethodPoint xsi:type="SequencePoint" vc="2" uspid="199" ordinal="0" offset="0" sl="39" sc="17" el="39" ec="49" bec="0" bev="0" fileid="5" />
            </Method>
            <Method visited="true" cyclomaticComplexity="1" sequenceCoverage="100" branchCoverage="100" isConstructor="true" isStatic="false" isGetter="false" isSetter="false">
              <Summary numSequencePoints="3" visitedSequencePoints="3" numBranchPoints="1" visitedBranchPoints="1" sequenceCoverage="100" branchCoverage="100" maxCyclomaticComplexity="1" minCyclomaticComplexity="1" visitedClasses="0" numClasses="0" visitedMethods="1" numMethods="1" />
              <MetadataToken>100663323</MetadataToken>
              <Name>System.Void JeremyAnsel.IO.Locator.MemoryFileLocator::.ctor()</Name>
              <FileRef uid="5" />
              <SequencePoints>
                <SequencePoint vc="2" uspid="200" ordinal="0" offset="0" sl="27" sc="9" el="27" ec="35" bec="0" bev="0" fileid="5" />
                <SequencePoint vc="2" uspid="201" ordinal="1" offset="6" sl="29" sc="13" el="29" ec="62" bec="0" bev="0" fileid="5" />
                <SequencePoint vc="2" uspid="202" ordinal="2" offset="17" sl="30" sc="9" el="30" ec="10" bec="0" bev="0" fileid="5" />
              </SequencePoints>
              <BranchPoints />
              <MethodPoint xsi:type="SequencePoint" vc="2" uspid="200" ordinal="0" offset="0" sl="27" sc="9" el="27" ec="35" bec="0" bev="0" fileid="5" />
            </Method>
            <Method visited="true" cyclomaticComplexity="1" sequenceCoverage="100" branchCoverage="100" isConstructor="false" isStatic="false" isGetter="false" isSetter="false">
              <Summary numSequencePoints="2" visitedSequencePoints="2" numBranchPoints="1" visitedBranchPoints="1" sequenceCoverage="100" branchCoverage="100" maxCyclomaticComplexity="1" minCyclomaticComplexity="1" visitedClasses="0" numClasses="0" visitedMethods="1" numMethods="1" />
              <MetadataToken>100663325</MetadataToken>
              <Name>System.Void JeremyAnsel.IO.Locator.MemoryFileLocator::Dispose()</Name>
              <FileRef uid="5" />
              <SequencePoints>
                <SequencePoint vc="2" uspid="203" ordinal="0" offset="0" sl="48" sc="13" el="48" ec="39" bec="0" bev="0" fileid="5" />
                <SequencePoint vc="2" uspid="204" ordinal="1" offset="6" sl="49" sc="9" el="49" ec="10" bec="0" bev="0" fileid="5" />
              </SequencePoints>
              <BranchPoints />
              <MethodPoint xsi:type="SequencePoint" vc="2" uspid="203" ordinal="0" offset="0" sl="48" sc="13" el="48" ec="39" bec="0" bev="0" fileid="5" />
            </Method>
            <Method visited="false" cyclomaticComplexity="1" sequenceCoverage="0" branchCoverage="0" isConstructor="false" isStatic="false" isGetter="false" isSetter="false">
              <Summary numSequencePoints="2" visitedSequencePoints="0" numBranchPoints="1" visitedBranchPoints="0" sequenceCoverage="0" branchCoverage="0" maxCyclomaticComplexity="1" minCyclomaticComplexity="1" visitedClasses="0" numClasses="0" visitedMethods="0" numMethods="1" />
              <MetadataToken>100663326</MetadataToken>
              <Name>System.Void JeremyAnsel.IO.Locator.MemoryFileLocator::Clear()</Name>
              <FileRef uid="5" />
              <SequencePoints>
                <SequencePoint vc="0" uspid="205" ordinal="0" offset="0" sl="56" sc="13" el="56" ec="35" bec="0" bev="0" fileid="5" />
                <SequencePoint vc="0" uspid="206" ordinal="1" offset="11" sl="57" sc="9" el="57" ec="10" bec="0" bev="0" fileid="5" />
              </SequencePoints>
              <BranchPoints />
              <MethodPoint xsi:type="SequencePoint" vc="0" uspid="205" ordinal="0" offset="0" sl="56" sc="13" el="56" ec="35" bec="0" bev="0" fileid="5" />
            </Method>
            <Method visited="false" cyclomaticComplexity="1" sequenceCoverage="0" branchCoverage="0" isConstructor="false" isStatic="false" isGetter="false" isSetter="false">
              <Summary numSequencePoints="1" visitedSequencePoints="0" numBranchPoints="1" visitedBranchPoints="0" sequenceCoverage="0" branchCoverage="0" maxCyclomaticComplexity="1" minCyclomaticComplexity="1" visitedClasses="0" numClasses="0" visitedMethods="0" numMethods="1" />
              <MetadataToken>100663327</MetadataToken>
              <Name>System.Boolean JeremyAnsel.IO.Locator.MemoryFileLocator::Exists(System.String)</Name>
              <FileRef uid="5" />
              <SequencePoints>
                <SequencePoint vc="0" uspid="207" ordinal="0" offset="0" sl="66" sc="13" el="66" ec="77" bec="0" bev="0" fileid="5" />
              </SequencePoints>
              <BranchPoints />
              <MethodPoint xsi:type="SequencePoint" vc="0" uspid="207" ordinal="0" offset="0" sl="66" sc="13" el="66" ec="77" bec="0" bev="0" fileid="5" />
            </Method>
            <Method visited="true" cyclomaticComplexity="1" sequenceCoverage="100" branchCoverage="100" isConstructor="false" isStatic="false" isGetter="false" isSetter="false">
              <Summary numSequencePoints="3" visitedSequencePoints="3" numBranchPoints="1" visitedBranchPoints="1" sequenceCoverage="100" branchCoverage="100" maxCyclomaticComplexity="1" minCyclomaticComplexity="1" visitedClasses="0" numClasses="0" visitedMethods="1" numMethods="1" />
              <MetadataToken>100663328</MetadataToken>
              <Name>System.IO.Stream JeremyAnsel.IO.Locator.MemoryFileLocator::Open(System.String)</Name>
              <FileRef uid="5" />
              <SequencePoints>
                <SequencePoint vc="1" uspid="208" ordinal="0" offset="0" sl="76" sc="13" el="76" ec="50" bec="0" bev="0" fileid="5" />
                <SequencePoint vc="1" uspid="209" ordinal="1" offset="8" sl="78" sc="13" el="78" ec="46" bec="0" bev="0" fileid="5" />
                <SequencePoint vc="1" uspid="210" ordinal="2" offset="21" sl="79" sc="13" el="79" ec="52" bec="0" bev="0" fileid="5" />
              </SequencePoints>
              <BranchPoints />
              <MethodPoint xsi:type="SequencePoint" vc="1" uspid="208" ordinal="0" offset="0" sl="76" sc="13" el="76" ec="50" bec="0" bev="0" fileid="5" />
            </Method>
            <Method visited="false" cyclomaticComplexity="1" sequenceCoverage="0" branchCoverage="0" isConstructor="false" isStatic="false" isGetter="false" isSetter="false">
              <Summary numSequencePoints="1" visitedSequencePoints="0" numBranchPoints="1" visitedBranchPoints="0" sequenceCoverage="0" branchCoverage="0" maxCyclomaticComplexity="1" minCyclomaticComplexity="1" visitedClasses="0" numClasses="0" visitedMethods="0" numMethods="1" />
              <MetadataToken>100663329</MetadataToken>
              <Name>System.Collections.Generic.IEnumerable`1&lt;System.String&gt; JeremyAnsel.IO.Locator.MemoryFileLocator::EnumerateFiles()</Name>
              <FileRef uid="5" />
              <SequencePoints>
                <SequencePoint vc="0" uspid="211" ordinal="0" offset="0" sl="88" sc="13" el="88" ec="54" bec="0" bev="0" fileid="5" />
              </SequencePoints>
              <BranchPoints />
              <MethodPoint xsi:type="SequencePoint" vc="0" uspid="211" ordinal="0" offset="0" sl="88" sc="13" el="88" ec="54" bec="0" bev="0" fileid="5" />
            </Method>
            <Method visited="true" cyclomaticComplexity="1" sequenceCoverage="0" branchCoverage="0" isConstructor="false" isStatic="false" isGetter="false" isSetter="false">
              <Summary numSequencePoints="0" visitedSequencePoints="0" numBranchPoints="0" visitedBranchPoints="0" sequenceCoverage="0" branchCoverage="0" maxCyclomaticComplexity="1" minCyclomaticComplexity="1" visitedClasses="0" numClasses="0" visitedMethods="0" numMethods="0" />
              <MetadataToken>100663330</MetadataToken>
              <Name>System.Collections.Generic.IEnumerable`1&lt;System.String&gt; JeremyAnsel.IO.Locator.MemoryFileLocator::EnumerateFiles(System.String)</Name>
              <SequencePoints />
              <BranchPoints />
              <MethodPoint vc="1" uspid="212" ordinal="0" offset="0" />
            </Method>
            <Method visited="false" cyclomaticComplexity="3" sequenceCoverage="0" branchCoverage="0" isConstructor="false" isStatic="false" isGetter="false" isSetter="false">
              <Summary numSequencePoints="7" visitedSequencePoints="0" numBranchPoints="5" visitedBranchPoints="0" sequenceCoverage="0" branchCoverage="0" maxCyclomaticComplexity="3" minCyclomaticComplexity="3" visitedClasses="0" numClasses="0" visitedMethods="0" numMethods="1" />
              <MetadataToken>100663331</MetadataToken>
              <Name>System.Void JeremyAnsel.IO.Locator.MemoryFileLocator::Create(System.String)</Name>
              <FileRef uid="5" />
              <SequencePoints>
                <SequencePoint vc="0" uspid="213" ordinal="0" offset="0" sl="113" sc="13" el="113" ec="46" bec="2" bev="0" fileid="5" />
                <SequencePoint vc="0" uspid="214" ordinal="1" offset="12" sl="115" sc="17" el="115" ec="57" bec="0" bev="0" fileid="5" />
                <SequencePoint vc="0" uspid="215" ordinal="2" offset="23" sl="118" sc="13" el="118" ec="50" bec="0" bev="0" fileid="5" />
                <SequencePoint vc="0" uspid="216" ordinal="3" offset="31" sl="120" sc="13" el="120" ec="49" bec="2" bev="0" fileid="5" />
                <SequencePoint vc="0" uspid="217" ordinal="4" offset="45" sl="122" sc="17" el="122" ec="63" bec="0" bev="0" fileid="5" />
                <SequencePoint vc="0" uspid="218" ordinal="5" offset="56" sl="125" sc="13" el="125" ec="50" bec="0" bev="0" fileid="5" />
                <SequencePoint vc="0" uspid="219" ordinal="6" offset="74" sl="126" sc="9" el="126" ec="10" bec="0" bev="0" fileid="5" />
              </SequencePoints>
              <BranchPoints>
                <BranchPoint vc="0" uspid="220" ordinal="0" offset="10" sl="113" path="0" offsetend="12" fileid="5" />
                <BranchPoint vc="0" uspid="221" ordinal="1" offset="10" sl="113" path="1" offsetend="23" fileid="5" />
                <BranchPoint vc="0" uspid="222" ordinal="2" offset="43" sl="120" path="0" offsetend="45" fileid="5" />
                <BranchPoint vc="0" uspid="223" ordinal="3" offset="43" sl="120" path="1" offsetend="56" fileid="5" />
              </BranchPoints>
              <MethodPoint xsi:type="SequencePoint" vc="0" uspid="213" ordinal="0" offset="0" sl="113" sc="13" el="113" ec="46" bec="2" bev="0" fileid="5" />
            </Method>
            <Method visited="true" cyclomaticComplexity="5" sequenceCoverage="72.73" branchCoverage="57.14" isConstructor="false" isStatic="false" isGetter="false" isSetter="false">
              <Summary numSequencePoints="11" visitedSequencePoints="8" numBranchPoints="7" visitedBranchPoints="4" sequenceCoverage="72.73" branchCoverage="57.14" maxCyclomaticComplexity="5" minCyclomaticComplexity="5" visitedClasses="0" numClasses="0" visitedMethods="1" numMethods="1" />
              <MetadataToken>100663332</MetadataToken>
              <Name>System.Void JeremyAnsel.IO.Locator.MemoryFileLocator::Write(System.String,System.IO.Stream)</Name>
              <FileRef uid="5" />
              <SequencePoints>
                <SequencePoint vc="1" uspid="224" ordinal="0" offset="0" sl="135" sc="13" el="135" ec="46" bec="2" bev="1" fileid="5" />
                <SequencePoint vc="0" uspid="225" ordinal="1" offset="12" sl="137" sc="17" el="137" ec="57" bec="0" bev="0" fileid="5" />
                <SequencePoint vc="1" uspid="226" ordinal="2" offset="23" sl="140" sc="13" el="140" ec="30" bec="2" bev="1" fileid="5" />
                <SequencePoint vc="0" uspid="227" ordinal="3" offset="26" sl="142" sc="17" el="142" ec="57" bec="0" bev="0" fileid="5" />
                <SequencePoint vc="1" uspid="228" ordinal="4" offset="37" sl="145" sc="13" el="145" ec="50" bec="0" bev="0" fileid="5" />
                <SequencePoint vc="1" uspid="229" ordinal="5" offset="45" sl="147" sc="13" el="147" ec="49" bec="2" bev="1" fileid="5" />
                <SequencePoint vc="0" uspid="230" ordinal="6" offset="59" sl="149" sc="17" el="149" ec="63" bec="0" bev="0" fileid="5" />
                <SequencePoint vc="1" uspid="231" ordinal="7" offset="70" sl="152" sc="20" el="152" ec="51" bec="0" bev="0" fileid="5" />
                <SequencePoint vc="1" uspid="232" ordinal="8" offset="76" sl="154" sc="17" el="154" ec="37" bec="0" bev="0" fileid="5" />
                <SequencePoint vc="1" uspid="233" ordinal="9" offset="83" sl="156" sc="17" el="156" ec="59" bec="0" bev="0" fileid="5" />
                <SequencePoint vc="1" uspid="234" ordinal="10" offset="113" sl="158" sc="9" el="158" ec="10" bec="0" bev="0" fileid="5" />
              </SequencePoints>
              <BranchPoints>
                <BranchPoint vc="0" uspid="235" ordinal="0" offset="10" sl="135" path="0" offsetend="12" fileid="5" />
                <BranchPoint vc="1" uspid="236" ordinal="1" offset="10" sl="135" path="1" offsetend="23" fileid="5" />
                <BranchPoint vc="0" uspid="237" ordinal="2" offset="24" sl="140" path="0" offsetend="26" fileid="5" />
                <BranchPoint vc="1" uspid="238" ordinal="3" offset="24" sl="140" path="1" offsetend="37" fileid="5" />
                <BranchPoint vc="0" uspid="239" ordinal="4" offset="57" sl="147" path="0" offsetend="59" fileid="5" />
                <BranchPoint vc="1" uspid="240" ordinal="5" offset="57" sl="147" path="1" offsetend="70" fileid="5" />
              </BranchPoints>
              <MethodPoint xsi:type="SequencePoint" vc="1" uspid="224" ordinal="0" offset="0" sl="135" sc="13" el="135" ec="46" bec="2" bev="1" fileid="5" />
            </Method>
            <Method visited="true" cyclomaticComplexity="1" sequenceCoverage="100" branchCoverage="100" isConstructor="false" isStatic="false" isGetter="false" isSetter="false">
              <Summary numSequencePoints="2" visitedSequencePoints="2" numBranchPoints="1" visitedBranchPoints="1" sequenceCoverage="100" branchCoverage="100" maxCyclomaticComplexity="1" minCyclomaticComplexity="1" visitedClasses="0" numClasses="0" visitedMethods="1" numMethods="1" />
              <MetadataToken>100663333</MetadataToken>
              <Name>System.Void JeremyAnsel.IO.Locator.MemoryFileLocator::WriteAll(JeremyAnsel.IO.Locator.IFileLocator)</Name>
              <FileRef uid="5" />
              <SequencePoints>
                <SequencePoint vc="1" uspid="241" ordinal="0" offset="0" sl="166" sc="13" el="166" ec="50" bec="0" bev="0" fileid="5" />
                <SequencePoint vc="1" uspid="242" ordinal="1" offset="12" sl="167" sc="9" el="167" ec="10" bec="0" bev="0" fileid="5" />
              </SequencePoints>
              <BranchPoints />
              <MethodPoint xsi:type="SequencePoint" vc="1" uspid="241" ordinal="0" offset="0" sl="166" sc="13" el="166" ec="50" bec="0" bev="0" fileid="5" />
            </Method>
            <Method visited="true" cyclomaticComplexity="5" sequenceCoverage="87.5" branchCoverage="80" isConstructor="false" isStatic="false" isGetter="false" isSetter="false">
              <Summary numSequencePoints="8" visitedSequencePoints="7" numBranchPoints="5" visitedBranchPoints="4" sequenceCoverage="87.5" branchCoverage="80" maxCyclomaticComplexity="5" minCyclomaticComplexity="5" visitedClasses="0" numClasses="0" visitedMethods="1" numMethods="1" />
              <MetadataToken>100663334</MetadataToken>
              <Name>System.Void JeremyAnsel.IO.Locator.MemoryFileLocator::WriteAll(JeremyAnsel.IO.Locator.IFileLocator,System.String)</Name>
              <FileRef uid="5" />
              <SequencePoints>
                <SequencePoint vc="1" uspid="243" ordinal="0" offset="0" sl="176" sc="13" el="176" ec="33" bec="2" bev="1" fileid="5" />
                <SequencePoint vc="0" uspid="244" ordinal="1" offset="3" sl="178" sc="17" el="178" ec="60" bec="0" bev="0" fileid="5" />
                <SequencePoint vc="1" uspid="245" ordinal="2" offset="14" sl="181" sc="34" el="181" ec="62" bec="0" bev="0" fileid="5" />
                <SequencePoint vc="1" uspid="246" ordinal="3" offset="29" sl="181" sc="22" el="181" ec="30" bec="0" bev="0" fileid="5" />
                <SequencePoint vc="1" uspid="247" ordinal="4" offset="36" sl="183" sc="24" el="183" ec="55" bec="0" bev="0" fileid="5" />
                <SequencePoint vc="1" uspid="248" ordinal="5" offset="44" sl="185" sc="21" el="185" ec="46" bec="0" bev="0" fileid="5" />
                <SequencePoint vc="2" uspid="249" ordinal="6" offset="64" sl="181" sc="31" el="181" ec="33" bec="2" bev="2" fileid="5" />
                <SequencePoint vc="1" uspid="250" ordinal="7" offset="84" sl="188" sc="9" el="188" ec="10" bec="0" bev="0" fileid="5" />
              </SequencePoints>
              <BranchPoints>
                <BranchPoint vc="0" uspid="251" ordinal="0" offset="1" sl="176" path="0" offsetend="3" fileid="5" />
                <BranchPoint vc="1" uspid="252" ordinal="1" offset="1" sl="176" path="1" offsetend="14" fileid="5" />
                <BranchPoint vc="1" uspid="253" ordinal="2" offset="70" sl="181" path="0" offsetend="72" fileid="5" />
                <BranchPoint vc="1" uspid="254" ordinal="3" offset="70" sl="181" path="1" offsetend="29" fileid="5" />
              </BranchPoints>
              <MethodPoint xsi:type="SequencePoint" vc="1" uspid="243" ordinal="0" offset="0" sl="176" sc="13" el="176" ec="33" bec="2" bev="1" fileid="5" />
            </Method>
          </Methods>
        </Class>
        <Class>
          <Summary numSequencePoints="5" visitedSequencePoints="5" numBranchPoints="9" visitedBranchPoints="6" sequenceCoverage="100" branchCoverage="66.67" maxCyclomaticComplexity="6" minCyclomaticComplexity="1" visitedClasses="1" numClasses="1" visitedMethods="1" numMethods="1" />
          <FullName>JeremyAnsel.IO.Locator.MemoryFileLocator/&lt;EnumerateFiles&gt;d__0</FullName>
          <Methods>
            <Method visited="true" cyclomaticComplexity="1" sequenceCoverage="0" branchCoverage="0" isConstructor="false" isStatic="false" isGetter="true" isSetter="false">
              <Summary numSequencePoints="0" visitedSequencePoints="0" numBranchPoints="0" visitedBranchPoints="0" sequenceCoverage="0" branchCoverage="0" maxCyclomaticComplexity="1" minCyclomaticComplexity="1" visitedClasses="0" numClasses="0" visitedMethods="0" numMethods="0" />
              <MetadataToken>100663368</MetadataToken>
              <Name>System.String JeremyAnsel.IO.Locator.MemoryFileLocator/&lt;EnumerateFiles&gt;d__0::System.Collections.Generic.IEnumerator&lt;System.String&gt;.get_Current()</Name>
              <SequencePoints />
              <BranchPoints />
              <MethodPoint vc="1" uspid="255" ordinal="0" offset="0" />
            </Method>
            <Method visited="false" cyclomaticComplexity="1" sequenceCoverage="0" branchCoverage="0" isConstructor="false" isStatic="false" isGetter="true" isSetter="false">
              <Summary numSequencePoints="0" visitedSequencePoints="0" numBranchPoints="0" visitedBranchPoints="0" sequenceCoverage="0" branchCoverage="0" maxCyclomaticComplexity="1" minCyclomaticComplexity="1" visitedClasses="0" numClasses="0" visitedMethods="0" numMethods="0" />
              <MetadataToken>100663371</MetadataToken>
              <Name>System.Object JeremyAnsel.IO.Locator.MemoryFileLocator/&lt;EnumerateFiles&gt;d__0::System.Collections.IEnumerator.get_Current()</Name>
              <SequencePoints />
              <BranchPoints />
              <MethodPoint vc="0" uspid="256" ordinal="0" offset="0" />
            </Method>
            <Method visited="true" cyclomaticComplexity="3" sequenceCoverage="0" branchCoverage="0" isConstructor="false" isStatic="false" isGetter="false" isSetter="false">
              <Summary numSequencePoints="0" visitedSequencePoints="0" numBranchPoints="0" visitedBranchPoints="0" sequenceCoverage="0" branchCoverage="0" maxCyclomaticComplexity="3" minCyclomaticComplexity="3" visitedClasses="0" numClasses="0" visitedMethods="0" numMethods="0" />
              <MetadataToken>100663365</MetadataToken>
              <Name>System.Collections.Generic.IEnumerator`1&lt;System.String&gt; JeremyAnsel.IO.Locator.MemoryFileLocator/&lt;EnumerateFiles&gt;d__0::System.Collections.Generic.IEnumerable&lt;System.String&gt;.GetEnumerator()</Name>
              <SequencePoints />
              <BranchPoints />
              <MethodPoint vc="1" uspid="257" ordinal="0" offset="0" />
            </Method>
            <Method visited="false" cyclomaticComplexity="1" sequenceCoverage="0" branchCoverage="0" isConstructor="false" isStatic="false" isGetter="false" isSetter="false">
              <Summary numSequencePoints="0" visitedSequencePoints="0" numBranchPoints="0" visitedBranchPoints="0" sequenceCoverage="0" branchCoverage="0" maxCyclomaticComplexity="1" minCyclomaticComplexity="1" visitedClasses="0" numClasses="0" visitedMethods="0" numMethods="0" />
              <MetadataToken>100663366</MetadataToken>
              <Name>System.Collections.IEnumerator JeremyAnsel.IO.Locator.MemoryFileLocator/&lt;EnumerateFiles&gt;d__0::System.Collections.IEnumerable.GetEnumerator()</Name>
              <SequencePoints />
              <BranchPoints />
              <MethodPoint vc="0" uspid="258" ordinal="0" offset="0" />
            </Method>
            <Method visited="true" cyclomaticComplexity="6" sequenceCoverage="100" branchCoverage="66.67" isConstructor="false" isStatic="false" isGetter="false" isSetter="false">
              <Summary numSequencePoints="5" visitedSequencePoints="5" numBranchPoints="9" visitedBranchPoints="6" sequenceCoverage="100" branchCoverage="66.67" maxCyclomaticComplexity="6" minCyclomaticComplexity="6" visitedClasses="0" numClasses="0" visitedMethods="1" numMethods="1" />
              <MetadataToken>100663367</MetadataToken>
              <Name>System.Boolean JeremyAnsel.IO.Locator.MemoryFileLocator/&lt;EnumerateFiles&gt;d__0::MoveNext()</Name>
              <FileRef uid="5" />
              <SequencePoints>
                <SequencePoint vc="1" uspid="259" ordinal="0" offset="37" sl="98" sc="34" el="98" ec="52" bec="3" bev="2" fileid="5" />
                <SequencePoint vc="1" uspid="260" ordinal="1" offset="73" sl="98" sc="22" el="98" ec="30" bec="0" bev="0" fileid="5" />
                <SequencePoint vc="1" uspid="261" ordinal="2" offset="90" sl="100" sc="17" el="100" ec="58" bec="2" bev="1" fileid="5" />
                <SequencePoint vc="1" uspid="262" ordinal="3" offset="109" sl="102" sc="21" el="102" ec="39" bec="0" bev="0" fileid="5" />
                <SequencePoint vc="2" uspid="263" ordinal="4" offset="139" sl="98" sc="31" el="98" ec="33" bec="2" bev="2" fileid="5" />
              </SequencePoints>
              <BranchPoints>
                <BranchPoint vc="0" uspid="264" ordinal="0" offset="8" sl="98" path="0" offsetchain="25" offsetend="158" fileid="5" />
                <BranchPoint vc="1" uspid="265" ordinal="1" offset="8" sl="98" path="1" offsetend="30" fileid="5" />
                <BranchPoint vc="0" uspid="266" ordinal="2" offset="8" sl="98" path="2" offsetend="158" fileid="5" />
                <BranchPoint vc="1" uspid="267" ordinal="3" offset="8" sl="98" path="3" offsetend="132" fileid="5" />
                <BranchPoint vc="1" uspid="268" ordinal="4" offset="107" sl="100" path="0" offsetend="109" fileid="5" />
                <BranchPoint vc="0" uspid="269" ordinal="5" offset="107" sl="100" path="1" offsetend="139" fileid="5" />
                <BranchPoint vc="1" uspid="270" ordinal="6" offset="150" sl="98" path="0" offsetend="152" fileid="5" />
                <BranchPoint vc="1" uspid="271" ordinal="7" offset="150" sl="98" path="1" offsetend="73" fileid="5" />
              </BranchPoints>
              <MethodPoint vc="2" uspid="272" ordinal="0" offset="0" />
            </Method>
            <Method visited="false" cyclomaticComplexity="1" sequenceCoverage="0" branchCoverage="0" isConstructor="false" isStatic="false" isGetter="false" isSetter="false">
              <Summary numSequencePoints="0" visitedSequencePoints="0" numBranchPoints="0" visitedBranchPoints="0" sequenceCoverage="0" branchCoverage="0" maxCyclomaticComplexity="1" minCyclomaticComplexity="1" visitedClasses="0" numClasses="0" visitedMethods="0" numMethods="0" />
              <MetadataToken>100663369</MetadataToken>
              <Name>System.Void JeremyAnsel.IO.Locator.MemoryFileLocator/&lt;EnumerateFiles&gt;d__0::System.Collections.IEnumerator.Reset()</Name>
              <SequencePoints />
              <BranchPoints />
              <MethodPoint vc="0" uspid="273" ordinal="0" offset="0" />
            </Method>
            <Method visited="true" cyclomaticComplexity="2" sequenceCoverage="0" branchCoverage="0" isConstructor="false" isStatic="false" isGetter="false" isSetter="false">
              <Summary numSequencePoints="0" visitedSequencePoints="0" numBranchPoints="0" visitedBranchPoints="0" sequenceCoverage="0" branchCoverage="0" maxCyclomaticComplexity="2" minCyclomaticComplexity="2" visitedClasses="0" numClasses="0" visitedMethods="0" numMethods="0" />
              <MetadataToken>100663370</MetadataToken>
[...]
                <BranchPoint vc="0" uspid="955" ordinal="1" offset="6" sl="82" path="1" offsetend="19" fileid="43" />
                <BranchPoint vc="0" uspid="956" ordinal="2" offset="20" sl="87" path="0" offsetend="22" fileid="43" />
                <BranchPoint vc="0" uspid="957" ordinal="3" offset="20" sl="87" path="1" offsetend="33" fileid="43" />
              </BranchPoints>
              <MethodPoint xsi:type="SequencePoint" vc="0" uspid="946" ordinal="0" offset="0" sl="82" sc="13" el="82" ec="44" bec="2" bev="0" fileid="43" />
            </Method>
            <Method visited="false" cyclomaticComplexity="1" sequenceCoverage="0" branchCoverage="0" isConstructor="false" isStatic="false" isGetter="false" isSetter="false">
              <Summary numSequencePoints="2" visitedSequencePoints="0" numBranchPoints="1" visitedBranchPoints="0" sequenceCoverage="0" branchCoverage="0" maxCyclomaticComplexity="1" minCyclomaticComplexity="1" visitedClasses="0" numClasses="0" visitedMethods="0" numMethods="1" />
              <MetadataToken>100663346</MetadataToken>
              <Name>System.Void JeremyAnsel.IO.Locator.SystemWritableFileLocator::WriteAll(JeremyAnsel.IO.Locator.IFileLocator)</Name>
              <FileRef uid="43" />
              <SequencePoints>
                <SequencePoint vc="0" uspid="958" ordinal="0" offset="0" sl="106" sc="13" el="106" ec="50" bec="0" bev="0" fileid="43" />
                <SequencePoint vc="0" uspid="959" ordinal="1" offset="12" sl="107" sc="9" el="107" ec="10" bec="0" bev="0" fileid="43" />
              </SequencePoints>
              <BranchPoints />
              <MethodPoint xsi:type="SequencePoint" vc="0" uspid="958" ordinal="0" offset="0" sl="106" sc="13" el="106" ec="50" bec="0" bev="0" fileid="43" />
            </Method>
            <Method visited="false" cyclomaticComplexity="5" sequenceCoverage="0" branchCoverage="0" isConstructor="false" isStatic="false" isGetter="false" isSetter="false">
              <Summary numSequencePoints="8" visitedSequencePoints="0" numBranchPoints="5" visitedBranchPoints="0" sequenceCoverage="0" branchCoverage="0" maxCyclomaticComplexity="5" minCyclomaticComplexity="5" visitedClasses="0" numClasses="0" visitedMethods="0" numMethods="1" />
              <MetadataToken>100663347</MetadataToken>
              <Name>System.Void JeremyAnsel.IO.Locator.SystemWritableFileLocator::WriteAll(JeremyAnsel.IO.Locator.IFileLocator,System.String)</Name>
              <FileRef uid="43" />
              <SequencePoints>
                <SequencePoint vc="0" uspid="960" ordinal="0" offset="0" sl="116" sc="13" el="116" ec="33" bec="2" bev="0" fileid="43" />
                <SequencePoint vc="0" uspid="961" ordinal="1" offset="3" sl="118" sc="17" el="118" ec="60" bec="0" bev="0" fileid="43" />
                <SequencePoint vc="0" uspid="962" ordinal="2" offset="14" sl="121" sc="34" el="121" ec="62" bec="0" bev="0" fileid="43" />
                <SequencePoint vc="0" uspid="963" ordinal="3" offset="29" sl="121" sc="22" el="121" ec="30" bec="0" bev="0" fileid="43" />
                <SequencePoint vc="0" uspid="964" ordinal="4" offset="36" sl="123" sc="24" el="123" ec="55" bec="0" bev="0" fileid="43" />
                <SequencePoint vc="0" uspid="965" ordinal="5" offset="44" sl="125" sc="21" el="125" ec="46" bec="0" bev="0" fileid="43" />
                <SequencePoint vc="0" uspid="966" ordinal="6" offset="64" sl="121" sc="31" el="121" ec="33" bec="2" bev="0" fileid="43" />
                <SequencePoint vc="0" uspid="967" ordinal="7" offset="84" sl="128" sc="9" el="128" ec="10" bec="0" bev="0" fileid="43" />
              </SequencePoints>
              <BranchPoints>
                <BranchPoint vc="0" uspid="968" ordinal="0" offset="1" sl="116" path="0" offsetend="3" fileid="43" />
                <BranchPoint vc="0" uspid="969" ordinal="1" offset="1" sl="116" path="1" offsetend="14" fileid="43" />
                <BranchPoint vc="0" uspid="970" ordinal="2" offset="70" sl="121" path="0" offsetend="72" fileid="43" />
                <BranchPoint vc="0" uspid="971" ordinal="3" offset="70" sl="121" path="1" offsetend="29" fileid="43" />
              </BranchPoints>
              <MethodPoint xsi:type="SequencePoint" vc="0" uspid="960" ordinal="0" offset="0" sl="116" sc="13" el="116" ec="33" bec="2" bev="0" fileid="43" />
            </Method>
          </Methods>
        </Class>
        <Class>
          <Summary numSequencePoints="9" visitedSequencePoints="0" numBranchPoints="5" visitedBranchPoints="0" sequenceCoverage="0" branchCoverage="0" maxCyclomaticComplexity="2" minCyclomaticComplexity="1" visitedClasses="0" numClasses="1" visitedMethods="0" numMethods="3" />
          <FullName>JeremyAnsel.IO.Locator.Utilities</FullName>
          <Methods>
            <Method visited="false" cyclomaticComplexity="2" sequenceCoverage="0" branchCoverage="0" isConstructor="false" isStatic="true" isGetter="false" isSetter="false">
              <Summary numSequencePoints="3" visitedSequencePoints="0" numBranchPoints="3" visitedBranchPoints="0" sequenceCoverage="0" branchCoverage="0" maxCyclomaticComplexity="2" minCyclomaticComplexity="2" visitedClasses="0" numClasses="0" visitedMethods="0" numMethods="1" />
              <MetadataToken>100663348</MetadataToken>
              <Name>System.String JeremyAnsel.IO.Locator.Utilities::PathNormalize(System.String)</Name>
              <FileRef uid="44" />
              <SequencePoints>
                <SequencePoint vc="0" uspid="972" ordinal="0" offset="0" sl="25" sc="13" el="25" ec="44" bec="2" bev="0" fileid="44" />
                <SequencePoint vc="0" uspid="973" ordinal="1" offset="8" sl="27" sc="17" el="27" ec="37" bec="0" bev="0" fileid="44" />
                <SequencePoint vc="0" uspid="974" ordinal="2" offset="14" sl="30" sc="13" el="32" ec="57" bec="0" bev="0" fileid="44" />
              </SequencePoints>
              <BranchPoints>
                <BranchPoint vc="0" uspid="975" ordinal="0" offset="6" sl="25" path="0" offsetend="8" fileid="44" />
                <BranchPoint vc="0" uspid="976" ordinal="1" offset="6" sl="25" path="1" offsetend="14" fileid="44" />
              </BranchPoints>
              <MethodPoint xsi:type="SequencePoint" vc="0" uspid="972" ordinal="0" offset="0" sl="25" sc="13" el="25" ec="44" bec="2" bev="0" fileid="44" />
            </Method>
            <Method visited="false" cyclomaticComplexity="1" sequenceCoverage="0" branchCoverage="0" isConstructor="false" isStatic="true" isGetter="false" isSetter="false">
              <Summary numSequencePoints="3" visitedSequencePoints="0" numBranchPoints="1" visitedBranchPoints="0" sequenceCoverage="0" branchCoverage="0" maxCyclomaticComplexity="1" minCyclomaticComplexity="1" visitedClasses="0" numClasses="0" visitedMethods="0" numMethods="1" />
              <MetadataToken>100663349</MetadataToken>
              <Name>System.Boolean JeremyAnsel.IO.Locator.Utilities::PathEquals(System.String,System.String)</Name>
              <FileRef uid="44" />
              <SequencePoints>
                <SequencePoint vc="0" uspid="977" ordinal="0" offset="0" sl="43" sc="13" el="43" ec="52" bec="0" bev="0" fileid="44" />
                <SequencePoint vc="0" uspid="978" ordinal="1" offset="8" sl="44" sc="13" el="44" ec="52" bec="0" bev="0" fileid="44" />
                <SequencePoint vc="0" uspid="979" ordinal="2" offset="16" sl="46" sc="13" el="46" ec="84" bec="0" bev="0" fileid="44" />
              </SequencePoints>
              <BranchPoints />
              <MethodPoint xsi:type="SequencePoint" vc="0" uspid="977" ordinal="0" offset="0" sl="43" sc="13" el="43" ec="52" bec="0" bev="0" fileid="44" />
            </Method>
            <Method visited="false" cyclomaticComplexity="1" sequenceCoverage="0" branchCoverage="0" isConstructor="false" isStatic="true" isGetter="false" isSetter="false">
              <Summary numSequencePoints="3" visitedSequencePoints="0" numBranchPoints="1" visitedBranchPoints="0" sequenceCoverage="0" branchCoverage="0" maxCyclomaticComplexity="1" minCyclomaticComplexity="1" visitedClasses="0" numClasses="0" visitedMethods="0" numMethods="1" />
              <MetadataToken>100663350</MetadataToken>
              <Name>System.Boolean JeremyAnsel.IO.Locator.Utilities::PathStartsWith(System.String,System.String)</Name>
              <FileRef uid="44" />
              <SequencePoints>
                <SequencePoint vc="0" uspid="980" ordinal="0" offset="0" sl="57" sc="13" el="57" ec="52" bec="0" bev="0" fileid="44" />
                <SequencePoint vc="0" uspid="981" ordinal="1" offset="8" sl="58" sc="13" el="58" ec="52" bec="0" bev="0" fileid="44" />
                <SequencePoint vc="0" uspid="982" ordinal="2" offset="16" sl="60" sc="13" el="60" ec="80" bec="0" bev="0" fileid="44" />
              </SequencePoints>
              <BranchPoints />
              <MethodPoint xsi:type="SequencePoint" vc="0" uspid="980" ordinal="0" offset="0" sl="57" sc="13" el="57" ec="52" bec="0" bev="0" fileid="44" />
            </Method>
          </Methods>
        </Class>
        <Class>
          <Summary numSequencePoints="21" visitedSequencePoints="0" numBranchPoints="23" visitedBranchPoints="0" sequenceCoverage="0" branchCoverage="0" maxCyclomaticComplexity="6" minCyclomaticComplexity="2" visitedClasses="0" numClasses="1" visitedMethods="0" numMethods="5" />
          <FullName>JeremyAnsel.IO.Locator.WritableFileLocatorFactory</FullName>
          <Methods>
            <Method visited="false" cyclomaticComplexity="6" sequenceCoverage="0" branchCoverage="0" isConstructor="false" isStatic="true" isGetter="false" isSetter="false">
              <Summary numSequencePoints="9" visitedSequencePoints="0" numBranchPoints="11" visitedBranchPoints="0" sequenceCoverage="0" branchCoverage="0" maxCyclomaticComplexity="6" minCyclomaticComplexity="6" visitedClasses="0" numClasses="0" visitedMethods="0" numMethods="1" />
              <MetadataToken>100663351</MetadataToken>
              <Name>JeremyAnsel.IO.Locator.IWritableFileLocator JeremyAnsel.IO.Locator.WritableFileLocatorFactory::Create(System.String)</Name>
              <FileRef uid="45" />
              <SequencePoints>
                <SequencePoint vc="0" uspid="983" ordinal="0" offset="0" sl="32" sc="13" el="32" ec="44" bec="2" bev="0" fileid="45" />
                <SequencePoint vc="0" uspid="984" ordinal="1" offset="8" sl="34" sc="17" el="34" ec="57" bec="0" bev="0" fileid="45" />
                <SequencePoint vc="0" uspid="985" ordinal="2" offset="19" sl="37" sc="13" el="37" ec="50" bec="0" bev="0" fileid="45" />
                <SequencePoint vc="0" uspid="986" ordinal="3" offset="26" sl="39" sc="13" el="39" ec="44" bec="2" bev="0" fileid="45" />
                <SequencePoint vc="0" uspid="987" ordinal="4" offset="34" sl="41" sc="17" el="41" ec="48" bec="5" bev="0" fileid="45" />
                <SequencePoint vc="0" uspid="988" ordinal="5" offset="72" sl="44" sc="25" el="44" ec="145" bec="0" bev="0" fileid="45" />
                <SequencePoint vc="0" uspid="989" ordinal="6" offset="83" sl="47" sc="25" el="47" ec="135" bec="0" bev="0" fileid="45" />
                <SequencePoint vc="0" uspid="990" ordinal="7" offset="93" sl="50" sc="25" el="50" ec="59" bec="0" bev="0" fileid="45" />
                <SequencePoint vc="0" uspid="991" ordinal="8" offset="99" sl="54" sc="13" el="54" ec="56" bec="0" bev="0" fileid="45" />
              </SequencePoints>
              <BranchPoints>
                <BranchPoint vc="0" uspid="992" ordinal="0" offset="6" sl="32" path="0" offsetend="8" fileid="45" />
                <BranchPoint vc="0" uspid="993" ordinal="1" offset="6" sl="32" path="1" offsetend="19" fileid="45" />
                <BranchPoint vc="0" uspid="994" ordinal="2" offset="32" sl="39" path="0" offsetend="34" fileid="45" />
                <BranchPoint vc="0" uspid="995" ordinal="3" offset="32" sl="39" path="1" offsetend="99" fileid="45" />
                <BranchPoint vc="0" uspid="996" ordinal="4" offset="42" sl="41" path="0" offsetend="44" fileid="45" />
                <BranchPoint vc="0" uspid="997" ordinal="5" offset="42" sl="41" path="1" offsetend="93" fileid="45" />
                <BranchPoint vc="0" uspid="998" ordinal="6" offset="55" sl="41" path="0" offsetend="57" fileid="45" />
                <BranchPoint vc="0" uspid="999" ordinal="7" offset="55" sl="41" path="1" offsetend="72" fileid="45" />
                <BranchPoint vc="0" uspid="1000" ordinal="8" offset="68" sl="41" path="0" offsetchain="70" offsetend="93" fileid="45" />
                <BranchPoint vc="0" uspid="1001" ordinal="9" offset="68" sl="41" path="1" offsetend="83" fileid="45" />
              </BranchPoints>
              <MethodPoint xsi:type="SequencePoint" vc="0" uspid="983" ordinal="0" offset="0" sl="32" sc="13" el="32" ec="44" bec="2" bev="0" fileid="45" />
            </Method>
            <Method visited="false" cyclomaticComplexity="2" sequenceCoverage="0" branchCoverage="0" isConstructor="false" isStatic="true" isGetter="false" isSetter="false">
              <Summary numSequencePoints="3" visitedSequencePoints="0" numBranchPoints="3" visitedBranchPoints="0" sequenceCoverage="0" branchCoverage="0" maxCyclomaticComplexity="2" minCyclomaticComplexity="2" visitedClasses="0" numClasses="0" visitedMethods="0" numMethods="1" />
              <MetadataToken>100663352</MetadataToken>
              <Name>JeremyAnsel.IO.Locator.IWritableFileLocator JeremyAnsel.IO.Locator.WritableFileLocatorFactory::CreateArchive(System.String,SharpCompress.Common.ArchiveType,SharpCompress.Common.CompressionType)</Name>
              <FileRef uid="45" />
              <SequencePoints>
                <SequencePoint vc="0" uspid="1002" ordinal="0" offset="0" sl="66" sc="13" el="66" ec="44" bec="2" bev="0" fileid="45" />
                <SequencePoint vc="0" uspid="1003" ordinal="1" offset="8" sl="68" sc="17" el="68" ec="57" bec="0" bev="0" fileid="45" />
                <SequencePoint vc="0" uspid="1004" ordinal="2" offset="19" sl="71" sc="13" el="71" ec="113" bec="0" bev="0" fileid="45" />
              </SequencePoints>
              <BranchPoints>
                <BranchPoint vc="0" uspid="1005" ordinal="0" offset="6" sl="66" path="0" offsetend="8" fileid="45" />
                <BranchPoint vc="0" uspid="1006" ordinal="1" offset="6" sl="66" path="1" offsetend="19" fileid="45" />
              </BranchPoints>
              <MethodPoint xsi:type="SequencePoint" vc="0" uspid="1002" ordinal="0" offset="0" sl="66" sc="13" el="66" ec="44" bec="2" bev="0" fileid="45" />
            </Method>
            <Method visited="false" cyclomaticComplexity="2" sequenceCoverage="0" branchCoverage="0" isConstructor="false" isStatic="true" isGetter="false" isSetter="false">
              <Summary numSequencePoints="3" visitedSequencePoints="0" numBranchPoints="3" visitedBranchPoints="0" sequenceCoverage="0" branchCoverage="0" maxCyclomaticComplexity="2" minCyclomaticComplexity="2" visitedClasses="0" numClasses="0" visitedMethods="0" numMethods="1" />
              <MetadataToken>100663353</MetadataToken>
              <Name>JeremyAnsel.IO.Locator.IWritableFileLocator JeremyAnsel.IO.Locator.WritableFileLocatorFactory::CreateArchive(System.String,SharpCompress.Common.ArchiveType,SharpCompress.Compressor.Deflate.CompressionLevel)</Name>
              <FileRef uid="45" />
              <SequencePoints>
                <SequencePoint vc="0" uspid="1007" ordinal="0" offset="0" sl="83" sc="13" el="83" ec="44" bec="2" bev="0" fileid="45" />
                <SequencePoint vc="0" uspid="1008" ordinal="1" offset="8" sl="85" sc="17" el="85" ec="57" bec="0" bev="0" fileid="45" />
                <SequencePoint vc="0" uspid="1009" ordinal="2" offset="19" sl="88" sc="13" el="88" ec="113" bec="0" bev="0" fileid="45" />
              </SequencePoints>
              <BranchPoints>
                <BranchPoint vc="0" uspid="1010" ordinal="0" offset="6" sl="83" path="0" offsetend="8" fileid="45" />
                <BranchPoint vc="0" uspid="1011" ordinal="1" offset="6" sl="83" path="1" offsetend="19" fileid="45" />
              </BranchPoints>
              <MethodPoint xsi:type="SequencePoint" vc="0" uspid="1007" ordinal="0" offset="0" sl="83" sc="13" el="83" ec="44" bec="2" bev="0" fileid="45" />
            </Method>
            <Method visited="false" cyclomaticComplexity="2" sequenceCoverage="0" branchCoverage="0" isConstructor="false" isStatic="true" isGetter="false" isSetter="false">
              <Summary numSequencePoints="3" visitedSequencePoints="0" numBranchPoints="3" visitedBranchPoints="0" sequenceCoverage="0" branchCoverage="0" maxCyclomaticComplexity="2" minCyclomaticComplexity="2" visitedClasses="0" numClasses="0" visitedMethods="0" numMethods="1" />
              <MetadataToken>100663354</MetadataToken>
              <Name>JeremyAnsel.IO.Locator.IWritableFileLocator JeremyAnsel.IO.Locator.WritableFileLocatorFactory::CreateArchive(System.IO.Stream,SharpCompress.Common.ArchiveType,SharpCompress.Common.CompressionType)</Name>
              <FileRef uid="45" />
              <SequencePoints>
                <SequencePoint vc="0" uspid="1012" ordinal="0" offset="0" sl="100" sc="13" el="100" ec="30" bec="2" bev="0" fileid="45" />
                <SequencePoint vc="0" uspid="1013" ordinal="1" offset="3" sl="102" sc="17" el="102" ec="57" bec="0" bev="0" fileid="45" />
                <SequencePoint vc="0" uspid="1014" ordinal="2" offset="14" sl="105" sc="13" el="105" ec="113" bec="0" bev="0" fileid="45" />
              </SequencePoints>
              <BranchPoints>
                <BranchPoint vc="0" uspid="1015" ordinal="0" offset="1" sl="100" path="0" offsetend="3" fileid="45" />
                <BranchPoint vc="0" uspid="1016" ordinal="1" offset="1" sl="100" path="1" offsetend="14" fileid="45" />
              </BranchPoints>
              <MethodPoint xsi:type="SequencePoint" vc="0" uspid="1012" ordinal="0" offset="0" sl="100" sc="13" el="100" ec="30" bec="2" bev="0" fileid="45" />
            </Method>
            <Method visited="false" cyclomaticComplexity="2" sequenceCoverage="0" branchCoverage="0" isConstructor="false" isStatic="true" isGetter="false" isSetter="false">
              <Summary numSequencePoints="3" visitedSequencePoints="0" numBranchPoints="3" visitedBranchPoints="0" sequenceCoverage="0" branchCoverage="0" maxCyclomaticComplexity="2" minCyclomaticComplexity="2" visitedClasses="0" numClasses="0" visitedMethods="0" numMethods="1" />
              <MetadataToken>100663355</MetadataToken>
              <Name>JeremyAnsel.IO.Locator.IWritableFileLocator JeremyAnsel.IO.Locator.WritableFileLocatorFactory::CreateArchive(System.IO.Stream,SharpCompress.Common.ArchiveType,SharpCompress.Compressor.Deflate.CompressionLevel)</Name>
              <FileRef uid="45" />
              <SequencePoints>
                <SequencePoint vc="0" uspid="1017" ordinal="0" offset="0" sl="117" sc="13" el="117" ec="30" bec="2" bev="0" fileid="45" />
                <SequencePoint vc="0" uspid="1018" ordinal="1" offset="3" sl="119" sc="17" el="119" ec="57" bec="0" bev="0" fileid="45" />
                <SequencePoint vc="0" uspid="1019" ordinal="2" offset="14" sl="122" sc="13" el="122" ec="113" bec="0" bev="0" fileid="45" />
              </SequencePoints>
              <BranchPoints>
                <BranchPoint vc="0" uspid="1020" ordinal="0" offset="1" sl="117" path="0" offsetend="3" fileid="45" />
                <BranchPoint vc="0" uspid="1021" ordinal="1" offset="1" sl="117" path="1" offsetend="14" fileid="45" />
              </BranchPoints>
              <MethodPoint xsi:type="SequencePoint" vc="0" uspid="1017" ordinal="0" offset="0" sl="117" sc="13" el="117" ec="30" bec="2" bev="0" fileid="45" />
            </Method>
          </Methods>
        </Class>
      </Classes>
    </Module>
  </Modules>
</CoverageSession>